2019-05-25 04:44:46.601+0000 WARN [o.n.i.p.PageCache] The dbms.memory.pagecache.size setting has not been configured. It is recommended that this setting is always explicitly configured, to ensure the system has a balanced configuration. Until then, a computed heuristic value of 6517749760 bytes will be used instead. Run `neo4j-admin memrec` for memory configuration suggestions.
2019-05-25 04:44:47.159+0000 INFO [o.n.k.i.f.CommunityEditionModule] No locking implementation specified, defaulting to 'community'
2019-05-25 04:44:47.342+0000 INFO [o.n.k.AvailabilityGuard] Requirement makes database unavailable: Database available
2019-05-25 04:44:47.366+0000 INFO [o.n.k.i.DiagnosticsManager] --- INITIALIZED diagnostics START ---
2019-05-25 04:44:47.366+0000 INFO [o.n.k.i.DiagnosticsManager] Neo4j Kernel properties:
2019-05-25 04:44:47.366+0000 INFO [o.n.k.i.DiagnosticsManager] unsupported.dbms.directories.neo4j_home=C:\Users\Hasan Qasim\Documents\software testing\FIT5171_Assignment_3\target\rockets
2019-05-25 04:44:47.366+0000 INFO [o.n.k.i.DiagnosticsManager] unsupported.dbms.edition=community
2019-05-25 04:44:47.366+0000 INFO [o.n.k.i.DiagnosticsManager] unsupported.dbms.ephemeral=false
2019-05-25 04:44:47.366+0000 INFO [o.n.k.i.DiagnosticsManager] Diagnostics providers:
2019-05-25 04:44:47.367+0000 INFO [o.n.k.i.DiagnosticsManager] org.neo4j.kernel.configuration.Config
2019-05-25 04:44:47.367+0000 INFO [o.n.k.i.DiagnosticsManager] org.neo4j.kernel.info.DiagnosticsManager
2019-05-25 04:44:47.367+0000 INFO [o.n.k.i.DiagnosticsManager] SYSTEM_MEMORY
2019-05-25 04:44:47.367+0000 INFO [o.n.k.i.DiagnosticsManager] JAVA_MEMORY
2019-05-25 04:44:47.367+0000 INFO [o.n.k.i.DiagnosticsManager] OPERATING_SYSTEM
2019-05-25 04:44:47.367+0000 INFO [o.n.k.i.DiagnosticsManager] JAVA_VIRTUAL_MACHINE
2019-05-25 04:44:47.367+0000 INFO [o.n.k.i.DiagnosticsManager] CLASSPATH
2019-05-25 04:44:47.367+0000 INFO [o.n.k.i.DiagnosticsManager] LIBRARY_PATH
2019-05-25 04:44:47.371+0000 INFO [o.n.k.i.DiagnosticsManager] SYSTEM_PROPERTIES
2019-05-25 04:44:47.371+0000 INFO [o.n.k.i.DiagnosticsManager] NETWORK
2019-05-25 04:44:47.371+0000 INFO [o.n.k.i.DiagnosticsManager] System memory information:
2019-05-25 04:44:47.372+0000 INFO [o.n.k.i.DiagnosticsManager] Total Physical memory: 15.61 GB
2019-05-25 04:44:47.373+0000 INFO [o.n.k.i.DiagnosticsManager] Free Physical memory: 7.61 GB
2019-05-25 04:44:47.373+0000 INFO [o.n.k.i.DiagnosticsManager] Committed virtual memory: 486.83 MB
2019-05-25 04:44:47.373+0000 INFO [o.n.k.i.DiagnosticsManager] Total swap space: 27.11 GB
2019-05-25 04:44:47.373+0000 INFO [o.n.k.i.DiagnosticsManager] Free swap space: 13.57 GB
2019-05-25 04:44:47.373+0000 INFO [o.n.k.i.DiagnosticsManager] JVM memory information:
2019-05-25 04:44:47.373+0000 INFO [o.n.k.i.DiagnosticsManager] Free  memory: 220.39 MB
2019-05-25 04:44:47.373+0000 INFO [o.n.k.i.DiagnosticsManager] Total memory: 240.00 MB
2019-05-25 04:44:47.373+0000 INFO [o.n.k.i.DiagnosticsManager] Max   memory: 3.47 GB
2019-05-25 04:44:47.373+0000 INFO [o.n.k.i.DiagnosticsManager] Garbage Collector: PS Scavenge: [PS Eden Space, PS Survivor Space]
2019-05-25 04:44:47.373+0000 INFO [o.n.k.i.DiagnosticsManager] Garbage Collector: PS MarkSweep: [PS Eden Space, PS Survivor Space, PS Old Gen]
2019-05-25 04:44:47.374+0000 INFO [o.n.k.i.DiagnosticsManager] Memory Pool: Code Cache (Non-heap memory): committed=5.50 MB, used=5.44 MB, max=240.00 MB, threshold=0.00 B
2019-05-25 04:44:47.374+0000 INFO [o.n.k.i.DiagnosticsManager] Memory Pool: Metaspace (Non-heap memory): committed=19.38 MB, used=18.49 MB, max=-1.00 B, threshold=0.00 B
2019-05-25 04:44:47.374+0000 INFO [o.n.k.i.DiagnosticsManager] Memory Pool: Compressed Class Space (Non-heap memory): committed=2.63 MB, used=2.42 MB, max=1.00 GB, threshold=0.00 B
2019-05-25 04:44:47.374+0000 INFO [o.n.k.i.DiagnosticsManager] Memory Pool: PS Eden Space (Heap memory): committed=63.00 MB, used=9.01 MB, max=1.28 GB, threshold=?
2019-05-25 04:44:47.374+0000 INFO [o.n.k.i.DiagnosticsManager] Memory Pool: PS Survivor Space (Heap memory): committed=10.00 MB, used=9.97 MB, max=10.00 MB, threshold=?
2019-05-25 04:44:47.374+0000 INFO [o.n.k.i.DiagnosticsManager] Memory Pool: PS Old Gen (Heap memory): committed=167.00 MB, used=638.82 kB, max=2.60 GB, threshold=0.00 B
2019-05-25 04:44:47.374+0000 INFO [o.n.k.i.DiagnosticsManager] Operating system information:
2019-05-25 04:44:47.374+0000 INFO [o.n.k.i.DiagnosticsManager] Operating System: Windows 10; version: 10.0; arch: amd64; cpus: 4
2019-05-25 04:44:47.374+0000 INFO [o.n.k.i.DiagnosticsManager] Process id: 1028@DESKTOP-0KGT38B
2019-05-25 04:44:47.374+0000 INFO [o.n.k.i.DiagnosticsManager] Byte order: LITTLE_ENDIAN
2019-05-25 04:44:47.374+0000 INFO [o.n.k.i.DiagnosticsManager] Local timezone: Australia/Sydney
2019-05-25 04:44:47.374+0000 INFO [o.n.k.i.DiagnosticsManager] JVM information:
2019-05-25 04:44:47.376+0000 INFO [o.n.k.i.DiagnosticsManager] VM Name: Java HotSpot(TM) 64-Bit Server VM
2019-05-25 04:44:47.376+0000 INFO [o.n.k.i.DiagnosticsManager] VM Vendor: Oracle Corporation
2019-05-25 04:44:47.376+0000 INFO [o.n.k.i.DiagnosticsManager] VM Version: 25.201-b09
2019-05-25 04:44:47.376+0000 INFO [o.n.k.i.DiagnosticsManager] JIT compiler: HotSpot 64-Bit Tiered Compilers
2019-05-25 04:44:47.376+0000 INFO [o.n.k.i.DiagnosticsManager] VM Arguments: [-javaagent:C:\Program Files\JetBrains\IntelliJ IDEA 2018.3.5\lib\idea_rt.jar=58039:C:\Program Files\JetBrains\IntelliJ IDEA 2018.3.5\bin, -Dfile.encoding=UTF-8]
2019-05-25 04:44:47.376+0000 INFO [o.n.k.i.DiagnosticsManager] Java classpath:
2019-05-25 04:44:47.387+0000 INFO [o.n.k.i.DiagnosticsManager]  [classpath] C:\Users\Hasan Qasim\.m2\repository\com\google\errorprone\error_prone_annotations\2.1.3\error_prone_annotations-2.1.3.jar
2019-05-25 04:44:47.388+0000 INFO [o.n.k.i.DiagnosticsManager]  [loader.0] file:/C:/Users/Hasan%20Qasim/.m2/repository/org/eclipse/jetty/websocket/websocket-servlet/9.4.8.v20171121/websocket-servlet-9.4.8.v20171121.jar
2019-05-25 04:44:47.388+0000 INFO [o.n.k.i.DiagnosticsManager]  [loader.0] file:/C:/Users/Hasan%20Qasim/.m2/repository/io/github/lukehutch/fast-classpath-scanner/2.7.4/fast-classpath-scanner-2.7.4.jar
2019-05-25 04:44:47.388+0000 INFO [o.n.k.i.DiagnosticsManager]  [classpath] C:\Users\Hasan Qasim\.m2\repository\org\neo4j\neo4j-io\3.3.4\neo4j-io-3.3.4.jar
2019-05-25 04:44:47.388+0000 INFO [o.n.k.i.DiagnosticsManager]  [loader.0] file:/C:/Users/Hasan%20Qasim/.m2/repository/org/slf4j/slf4j-api/1.8.0-alpha2/slf4j-api-1.8.0-alpha2.jar
2019-05-25 04:44:47.388+0000 INFO [o.n.k.i.DiagnosticsManager]  [loader.0] file:/C:/Users/Hasan%20Qasim/.m2/repository/javax/servlet/javax.servlet-api/3.1.0/javax.servlet-api-3.1.0.jar
2019-05-25 04:44:47.388+0000 INFO [o.n.k.i.DiagnosticsManager]  [classpath] C:\Users\Hasan Qasim\.m2\repository\org\neo4j\neo4j-collections\3.3.4\neo4j-collections-3.3.4.jar
2019-05-25 04:44:47.388+0000 INFO [o.n.k.i.DiagnosticsManager]  [loader.0] file:/C:/Users/Hasan%20Qasim/.m2/repository/org/scala-lang/scala-library/2.11.12/scala-library-2.11.12.jar
2019-05-25 04:44:47.388+0000 INFO [o.n.k.i.DiagnosticsManager]  [loader.0] file:/C:/Users/Hasan%20Qasim/.m2/repository/org/neo4j/neo4j-command-line/3.3.4/neo4j-command-line-3.3.4.jar
2019-05-25 04:44:47.388+0000 INFO [o.n.k.i.DiagnosticsManager]  [classpath] C:\Users\Hasan Qasim\.m2\repository\org\objenesis\objenesis\2.6\objenesis-2.6.jar
2019-05-25 04:44:47.388+0000 INFO [o.n.k.i.DiagnosticsManager]  [classpath] C:\Users\Hasan Qasim\.m2\repository\org\eclipse\jetty\jetty-http\9.4.8.v20171121\jetty-http-9.4.8.v20171121.jar
2019-05-25 04:44:47.388+0000 INFO [o.n.k.i.DiagnosticsManager]  [loader.0] file:/C:/Users/Hasan%20Qasim/.m2/repository/org/eclipse/jetty/websocket/websocket-client/9.4.8.v20171121/websocket-client-9.4.8.v20171121.jar
2019-05-25 04:44:47.388+0000 INFO [o.n.k.i.DiagnosticsManager]  [loader.0] file:/C:/Users/Hasan%20Qasim/.m2/repository/org/codehaus/mojo/animal-sniffer-annotations/1.14/animal-sniffer-annotations-1.14.jar
2019-05-25 04:44:47.388+0000 INFO [o.n.k.i.DiagnosticsManager]  [classpath] C:\Users\Hasan Qasim\.m2\repository\com\sparkjava\spark-template-freemarker\2.7.1\spark-template-freemarker-2.7.1.jar
2019-05-25 04:44:47.389+0000 INFO [o.n.k.i.DiagnosticsManager]  [loader.0] file:/C:/Users/Hasan%20Qasim/.m2/repository/org/neo4j/neo4j-cypher-frontend-3.3/3.3.4/neo4j-cypher-frontend-3.3-3.3.4.jar
2019-05-25 04:44:47.389+0000 INFO [o.n.k.i.DiagnosticsManager]  [classpath] C:\Users\Hasan Qasim\.m2\repository\org\neo4j\neo4j-values\3.3.4\neo4j-values-3.3.4.jar
2019-05-25 04:44:47.389+0000 INFO [o.n.k.i.DiagnosticsManager]  [classpath] C:\Users\Hasan Qasim\.m2\repository\org\neo4j\neo4j-cypher-frontend-3.3\3.3.4\neo4j-cypher-frontend-3.3-3.3.4.jar
2019-05-25 04:44:47.396+0000 INFO [o.n.k.i.DiagnosticsManager]  [classpath] C:\Users\Hasan Qasim\.m2\repository\org\neo4j\neo4j-dbms\3.3.4\neo4j-dbms-3.3.4.jar
2019-05-25 04:44:47.396+0000 INFO [o.n.k.i.DiagnosticsManager]  [classpath] C:\Users\Hasan Qasim\.m2\repository\org\neo4j\neo4j-cypher-compiler-3.3\3.3.4\neo4j-cypher-compiler-3.3-3.3.4.jar
2019-05-25 04:44:47.397+0000 INFO [o.n.k.i.DiagnosticsManager]  [loader.0] file:/C:/Users/Hasan%20Qasim/.m2/repository/org/neo4j/neo4j-values/3.3.4/neo4j-values-3.3.4.jar
2019-05-25 04:44:47.397+0000 INFO [o.n.k.i.DiagnosticsManager]  [classpath] C:\Users\Hasan Qasim\.m2\repository\org\scala-lang\scala-reflect\2.11.12\scala-reflect-2.11.12.jar
2019-05-25 04:44:47.397+0000 INFO [o.n.k.i.DiagnosticsManager]  [classpath] C:\Users\Hasan Qasim\.m2\repository\org\neo4j\neo4j-cypher-logical-plans-3.3\3.3.4\neo4j-cypher-logical-plans-3.3-3.3.4.jar
2019-05-25 04:44:47.397+0000 INFO [o.n.k.i.DiagnosticsManager]  [classpath] C:\Users\Hasan Qasim\.m2\repository\net\sf\opencsv\opencsv\2.3\opencsv-2.3.jar
2019-05-25 04:44:47.397+0000 INFO [o.n.k.i.DiagnosticsManager]  [loader.0] file:/C:/Users/Hasan%20Qasim/.m2/repository/org/mockito/mockito-core/2.16.0/mockito-core-2.16.0.jar
2019-05-25 04:44:47.397+0000 INFO [o.n.k.i.DiagnosticsManager]  [classpath] C:\Users\Hasan Qasim\.m2\repository\org\parboiled\parboiled-core\1.1.7\parboiled-core-1.1.7.jar
2019-05-25 04:44:47.397+0000 INFO [o.n.k.i.DiagnosticsManager]  [classpath] C:\Users\Hasan Qasim\.m2\repository\org\ow2\asm\asm-util\5.2\asm-util-5.2.jar
2019-05-25 04:44:47.397+0000 INFO [o.n.k.i.DiagnosticsManager]  [loader.0] file:/C:/Program%20Files/Java/jdk1.8.0_201/jre/lib/deploy.jar
2019-05-25 04:44:47.397+0000 INFO [o.n.k.i.DiagnosticsManager]  [bootstrap + classpath] C:\Program Files\Java\jdk1.8.0_201\jre\lib\charsets.jar
2019-05-25 04:44:47.397+0000 INFO [o.n.k.i.DiagnosticsManager]  [classpath] C:\Users\Hasan Qasim\.m2\repository\org\apache\lucene\lucene-backward-codecs\5.5.0\lucene-backward-codecs-5.5.0.jar
2019-05-25 04:44:47.397+0000 INFO [o.n.k.i.DiagnosticsManager]  [loader.0] file:/C:/Users/Hasan%20Qasim/.m2/repository/com/github/ben-manes/caffeine/caffeine/2.3.3/caffeine-2.3.3.jar
2019-05-25 04:44:47.397+0000 INFO [o.n.k.i.DiagnosticsManager]  [classpath] C:\Users\Hasan Qasim\.m2\repository\org\bouncycastle\bcprov-jdk15on\1.53\bcprov-jdk15on-1.53.jar
2019-05-25 04:44:47.397+0000 INFO [o.n.k.i.DiagnosticsManager]  [classpath] C:\Users\Hasan Qasim\.m2\repository\commons-codec\commons-codec\1.9\commons-codec-1.9.jar
2019-05-25 04:44:47.397+0000 INFO [o.n.k.i.DiagnosticsManager]  [classpath] C:\Users\Hasan Qasim\.m2\repository\org\eclipse\jetty\jetty-xml\9.4.8.v20171121\jetty-xml-9.4.8.v20171121.jar
2019-05-25 04:44:47.397+0000 INFO [o.n.k.i.DiagnosticsManager]  [classpath] C:\Program Files\Java\jdk1.8.0_201\jre\lib\ext\sunmscapi.jar
2019-05-25 04:44:47.397+0000 INFO [o.n.k.i.DiagnosticsManager]  [classpath] C:\Users\Hasan Qasim\.m2\repository\org\apache\commons\commons-compress\1.12\commons-compress-1.12.jar
2019-05-25 04:44:47.397+0000 INFO [o.n.k.i.DiagnosticsManager]  [loader.0] file:/C:/Users/Hasan%20Qasim/.m2/repository/org/neo4j/neo4j-collections/3.3.4/neo4j-collections-3.3.4.jar
2019-05-25 04:44:47.397+0000 INFO [o.n.k.i.DiagnosticsManager]  [loader.0] file:/C:/Users/Hasan%20Qasim/.m2/repository/org/neo4j/neo4j-cypher-compiler-3.3/3.3.4/neo4j-cypher-compiler-3.3-3.3.4.jar
2019-05-25 04:44:47.397+0000 INFO [o.n.k.i.DiagnosticsManager]  [bootstrap] C:\Program Files\Java\jdk1.8.0_201\jre\classes
2019-05-25 04:44:47.397+0000 INFO [o.n.k.i.DiagnosticsManager]  [loader.0] file:/C:/Users/Hasan%20Qasim/.m2/repository/io/netty/netty-all/4.1.21.Final/netty-all-4.1.21.Final.jar
2019-05-25 04:44:47.397+0000 INFO [o.n.k.i.DiagnosticsManager]  [classpath] C:\Users\Hasan Qasim\.m2\repository\org\apache\logging\log4j\log4j-core\2.11.0\log4j-core-2.11.0.jar
2019-05-25 04:44:47.397+0000 INFO [o.n.k.i.DiagnosticsManager]  [loader.0] file:/C:/Program%20Files/Java/jdk1.8.0_201/jre/lib/jfxswt.jar
2019-05-25 04:44:47.397+0000 INFO [o.n.k.i.DiagnosticsManager]  [loader.0] file:/C:/Users/Hasan%20Qasim/.m2/repository/org/neo4j/neo4j-kernel/3.3.4/neo4j-kernel-3.3.4.jar
2019-05-25 04:44:47.397+0000 INFO [o.n.k.i.DiagnosticsManager]  [loader.0] file:/C:/Users/Hasan%20Qasim/.m2/repository/org/eclipse/jetty/websocket/websocket-server/9.4.8.v20171121/websocket-server-9.4.8.v20171121.jar
2019-05-25 04:44:47.398+0000 INFO [o.n.k.i.DiagnosticsManager]  [classpath] C:\Users\Hasan Qasim\.m2\repository\org\neo4j\neo4j-cypher-compiler-2.3\2.3.12\neo4j-cypher-compiler-2.3-2.3.12.jar
2019-05-25 04:44:47.398+0000 INFO [o.n.k.i.DiagnosticsManager]  [loader.0] file:/C:/Users/Hasan%20Qasim/.m2/repository/org/apache/commons/commons-csv/1.5/commons-csv-1.5.jar
2019-05-25 04:44:47.398+0000 INFO [o.n.k.i.DiagnosticsManager]  [classpath] C:\Users\Hasan Qasim\.m2\repository\com\google\guava\guava\24.0-jre\guava-24.0-jre.jar
2019-05-25 04:44:47.398+0000 INFO [o.n.k.i.DiagnosticsManager]  [classpath] C:\Users\Hasan Qasim\.m2\repository\org\neo4j\neo4j-import-tool\3.3.4\neo4j-import-tool-3.3.4.jar
2019-05-25 04:44:47.398+0000 INFO [o.n.k.i.DiagnosticsManager]  [classpath] C:\Users\Hasan Qasim\.m2\repository\org\eclipse\jetty\jetty-security\9.4.8.v20171121\jetty-security-9.4.8.v20171121.jar
2019-05-25 04:44:47.398+0000 INFO [o.n.k.i.DiagnosticsManager]  [loader.0] file:/C:/Users/Hasan%20Qasim/.m2/repository/org/apache/logging/log4j/log4j-core/2.11.0/log4j-core-2.11.0.jar
2019-05-25 04:44:47.398+0000 INFO [o.n.k.i.DiagnosticsManager]  [loader.0] file:/C:/Users/Hasan%20Qasim/.m2/repository/org/ow2/asm/asm-tree/5.2/asm-tree-5.2.jar
2019-05-25 04:44:47.398+0000 INFO [o.n.k.i.DiagnosticsManager]  [classpath] C:\Users\Hasan Qasim\.m2\repository\org\apache\commons\commons-lang3\3.7\commons-lang3-3.7.jar
2019-05-25 04:44:47.398+0000 INFO [o.n.k.i.DiagnosticsManager]  [loader.0] file:/C:/Users/Hasan%20Qasim/.m2/repository/com/sparkjava/spark-template-freemarker/2.7.1/spark-template-freemarker-2.7.1.jar
2019-05-25 04:44:47.398+0000 INFO [o.n.k.i.DiagnosticsManager]  [classpath] C:\Users\Hasan Qasim\.m2\repository\org\bouncycastle\bcpkix-jdk15on\1.53\bcpkix-jdk15on-1.53.jar
2019-05-25 04:44:47.398+0000 INFO [o.n.k.i.DiagnosticsManager]  [loader.0] file:/C:/Users/Hasan%20Qasim/.m2/repository/org/neo4j/neo4j-jmx/3.3.4/neo4j-jmx-3.3.4.jar
2019-05-25 04:44:47.398+0000 INFO [o.n.k.i.DiagnosticsManager]  [loader.0] file:/C:/Users/Hasan%20Qasim/.m2/repository/org/apache/commons/commons-compress/1.12/commons-compress-1.12.jar
2019-05-25 04:44:47.398+0000 INFO [o.n.k.i.DiagnosticsManager]  [classpath] C:\Program Files\Java\jdk1.8.0_201\jre\lib\ext\sunpkcs11.jar
2019-05-25 04:44:47.398+0000 INFO [o.n.k.i.DiagnosticsManager]  [loader.1] file:/C:/Program%20Files/Java/jdk1.8.0_201/jre/lib/ext/sunec.jar
2019-05-25 04:44:47.398+0000 INFO [o.n.k.i.DiagnosticsManager]  [classpath] C:\Users\Hasan Qasim\.m2\repository\org\neo4j\neo4j-kernel\3.3.4\neo4j-kernel-3.3.4.jar
2019-05-25 04:44:47.398+0000 INFO [o.n.k.i.DiagnosticsManager]  [classpath] C:\Users\Hasan Qasim\.m2\repository\org\neo4j\neo4j-ogm-embedded-driver\3.0.2\neo4j-ogm-embedded-driver-3.0.2.jar
2019-05-25 04:44:47.398+0000 INFO [o.n.k.i.DiagnosticsManager]  [loader.0] file:/C:/Users/Hasan%20Qasim/.m2/repository/org/junit/platform/junit-platform-commons/1.3.2/junit-platform-commons-1.3.2.jar
2019-05-25 04:44:47.398+0000 INFO [o.n.k.i.DiagnosticsManager]  [loader.0] file:/C:/Users/Hasan%20Qasim/.m2/repository/org/checkerframework/checker-compat-qual/2.0.0/checker-compat-qual-2.0.0.jar
2019-05-25 04:44:47.398+0000 INFO [o.n.k.i.DiagnosticsManager]  [classpath] C:\Program Files\Java\jdk1.8.0_201\jre\lib\jfxswt.jar
2019-05-25 04:44:47.398+0000 INFO [o.n.k.i.DiagnosticsManager]  [loader.0] file:/C:/Users/Hasan%20Qasim/.m2/repository/org/neo4j/neo4j-configuration/3.3.4/neo4j-configuration-3.3.4.jar
2019-05-25 04:44:47.398+0000 INFO [o.n.k.i.DiagnosticsManager]  [classpath] C:\Users\Hasan Qasim\.m2\repository\org\neo4j\neo4j-lucene-index\3.3.4\neo4j-lucene-index-3.3.4.jar
2019-05-25 04:44:47.398+0000 INFO [o.n.k.i.DiagnosticsManager]  [loader.1] file:/C:/Program%20Files/Java/jdk1.8.0_201/jre/lib/ext/cldrdata.jar
2019-05-25 04:44:47.398+0000 INFO [o.n.k.i.DiagnosticsManager]  [loader.0] file:/C:/Users/Hasan%20Qasim/.m2/repository/net/bytebuddy/byte-buddy-agent/1.7.9/byte-buddy-agent-1.7.9.jar
2019-05-25 04:44:47.399+0000 INFO [o.n.k.i.DiagnosticsManager]  [loader.0] file:/C:/Users/Hasan%20Qasim/.m2/repository/org/neo4j/neo4j-cypher/3.3.4/neo4j-cypher-3.3.4.jar
2019-05-25 04:44:47.399+0000 INFO [o.n.k.i.DiagnosticsManager]  [loader.0] file:/C:/Users/Hasan%20Qasim/.m2/repository/org/parboiled/parboiled-scala_2.11/1.1.7/parboiled-scala_2.11-1.1.7.jar
2019-05-25 04:44:47.399+0000 INFO [o.n.k.i.DiagnosticsManager]  [loader.0] file:/C:/Users/Hasan%20Qasim/.m2/repository/org/neo4j/neo4j-io/3.3.4/neo4j-io-3.3.4.jar
2019-05-25 04:44:47.399+0000 INFO [o.n.k.i.DiagnosticsManager]  [loader.0] file:/C:/Program%20Files/Java/jdk1.8.0_201/jre/lib/rt.jar
2019-05-25 04:44:47.399+0000 INFO [o.n.k.i.DiagnosticsManager]  [classpath] C:\Program Files\Java\jdk1.8.0_201\jre\lib\ext\dnsns.jar
2019-05-25 04:44:47.399+0000 INFO [o.n.k.i.DiagnosticsManager]  [classpath] C:\Users\Hasan Qasim\.m2\repository\org\neo4j\neo4j-primitive-collections\3.3.4\neo4j-primitive-collections-3.3.4.jar
2019-05-25 04:44:47.399+0000 INFO [o.n.k.i.DiagnosticsManager]  [bootstrap] C:\Program Files\Java\jdk1.8.0_201\jre\lib\sunrsasign.jar
2019-05-25 04:44:47.399+0000 INFO [o.n.k.i.DiagnosticsManager]  [classpath] C:\Users\Hasan Qasim\.m2\repository\org\neo4j\neo4j-resource\3.3.4\neo4j-resource-3.3.4.jar
2019-05-25 04:44:47.399+0000 INFO [o.n.k.i.DiagnosticsManager]  [loader.0] file:/C:/Users/Hasan%20Qasim/.m2/repository/org/ow2/asm/asm-util/5.2/asm-util-5.2.jar
2019-05-25 04:44:47.399+0000 INFO [o.n.k.i.DiagnosticsManager]  [loader.0] file:/C:/Users/Hasan%20Qasim/.m2/repository/org/eclipse/jetty/jetty-client/9.4.8.v20171121/jetty-client-9.4.8.v20171121.jar
2019-05-25 04:44:47.399+0000 INFO [o.n.k.i.DiagnosticsManager]  [classpath] C:\Users\Hasan Qasim\.m2\repository\org\neo4j\neo4j-unsafe\3.3.4\neo4j-unsafe-3.3.4.jar
2019-05-25 04:44:47.399+0000 INFO [o.n.k.i.DiagnosticsManager]  [loader.0] file:/C:/Users/Hasan%20Qasim/.m2/repository/org/neo4j/neo4j-import-tool/3.3.4/neo4j-import-tool-3.3.4.jar
2019-05-25 04:44:47.399+0000 INFO [o.n.k.i.DiagnosticsManager]  [loader.0] file:/C:/Users/Hasan%20Qasim/.m2/repository/org/apache/lucene/lucene-core/5.5.0/lucene-core-5.5.0.jar
2019-05-25 04:44:47.399+0000 INFO [o.n.k.i.DiagnosticsManager]  [loader.0] file:/C:/Users/Hasan%20Qasim/.m2/repository/org/neo4j/neo4j-primitive-collections/3.3.4/neo4j-primitive-collections-3.3.4.jar
2019-05-25 04:44:47.399+0000 INFO [o.n.k.i.DiagnosticsManager]  [loader.0] file:/C:/Users/Hasan%20Qasim/.m2/repository/org/eclipse/jetty/jetty-xml/9.4.8.v20171121/jetty-xml-9.4.8.v20171121.jar
2019-05-25 04:44:47.399+0000 INFO [o.n.k.i.DiagnosticsManager]  [loader.0] file:/C:/Users/Hasan%20Qasim/.m2/repository/org/eclipse/jetty/websocket/websocket-api/9.4.8.v20171121/websocket-api-9.4.8.v20171121.jar
2019-05-25 04:44:47.399+0000 INFO [o.n.k.i.DiagnosticsManager]  [loader.0] file:/C:/Users/Hasan%20Qasim/.m2/repository/com/fasterxml/jackson/core/jackson-databind/2.7.1/jackson-databind-2.7.1.jar
2019-05-25 04:44:47.399+0000 INFO [o.n.k.i.DiagnosticsManager]  [classpath] C:\Program Files\Java\jdk1.8.0_201\jre\lib\ext\localedata.jar
2019-05-25 04:44:47.400+0000 INFO [o.n.k.i.DiagnosticsManager]  [classpath] C:\Users\Hasan Qasim\.m2\repository\org\parboiled\parboiled-scala_2.11\1.1.7\parboiled-scala_2.11-1.1.7.jar
2019-05-25 04:44:47.400+0000 INFO [o.n.k.i.DiagnosticsManager]  [classpath] C:\Users\Hasan Qasim\.m2\repository\com\google\code\findbugs\jsr305\1.3.9\jsr305-1.3.9.jar
2019-05-25 04:44:47.400+0000 INFO [o.n.k.i.DiagnosticsManager]  [classpath] C:\Users\Hasan Qasim\.m2\repository\org\eclipse\jetty\websocket\websocket-common\9.4.8.v20171121\websocket-common-9.4.8.v20171121.jar
2019-05-25 04:44:47.400+0000 INFO [o.n.k.i.DiagnosticsManager]  [classpath] C:\Users\Hasan Qasim\.m2\repository\org\codehaus\mojo\animal-sniffer-annotations\1.14\animal-sniffer-annotations-1.14.jar
2019-05-25 04:44:47.400+0000 INFO [o.n.k.i.DiagnosticsManager]  [loader.0] file:/C:/Program%20Files/Java/jdk1.8.0_201/jre/lib/jsse.jar
2019-05-25 04:44:47.400+0000 INFO [o.n.k.i.DiagnosticsManager]  [classpath] C:\Users\Hasan Qasim\.m2\repository\org\neo4j\neo4j-cypher-compiler-3.2\3.2.9\neo4j-cypher-compiler-3.2-3.2.9.jar
2019-05-25 04:44:47.400+0000 INFO [o.n.k.i.DiagnosticsManager]  [loader.0] file:/C:/Users/Hasan%20Qasim/.m2/repository/org/neo4j/neo4j/3.3.4/neo4j-3.3.4.jar
2019-05-25 04:44:47.400+0000 INFO [o.n.k.i.DiagnosticsManager]  [loader.0] file:/C:/Users/Hasan%20Qasim/.m2/repository/org/eclipse/jetty/jetty-security/9.4.8.v20171121/jetty-security-9.4.8.v20171121.jar
2019-05-25 04:44:47.400+0000 INFO [o.n.k.i.DiagnosticsManager]  [loader.1] file:/C:/Program%20Files/Java/jdk1.8.0_201/jre/lib/ext/sunpkcs11.jar
2019-05-25 04:44:47.400+0000 INFO [o.n.k.i.DiagnosticsManager]  [loader.0] file:/C:/Users/Hasan%20Qasim/.m2/repository/org/neo4j/neo4j-udc/3.3.4/neo4j-udc-3.3.4.jar
2019-05-25 04:44:47.400+0000 INFO [o.n.k.i.DiagnosticsManager]  [classpath] C:\Users\Hasan Qasim\.m2\repository\org\mockito\mockito-core\2.16.0\mockito-core-2.16.0.jar
2019-05-25 04:44:47.400+0000 INFO [o.n.k.i.DiagnosticsManager]  [classpath] C:\Users\Hasan Qasim\.m2\repository\org\apache\logging\log4j\log4j-slf4j-impl\2.11.0\log4j-slf4j-impl-2.11.0.jar
2019-05-25 04:44:47.400+0000 INFO [o.n.k.i.DiagnosticsManager]  [loader.0] file:/C:/Users/Hasan%20Qasim/.m2/repository/org/neo4j/neo4j-graphdb-api/3.3.4/neo4j-graphdb-api-3.3.4.jar
2019-05-25 04:44:47.400+0000 INFO [o.n.k.i.DiagnosticsManager]  [loader.1] file:/C:/Program%20Files/Java/jdk1.8.0_201/jre/lib/ext/jaccess.jar
2019-05-25 04:44:47.400+0000 INFO [o.n.k.i.DiagnosticsManager]  [classpath] C:\Users\Hasan Qasim\.m2\repository\org\junit\platform\junit-platform-commons\1.3.2\junit-platform-commons-1.3.2.jar
2019-05-25 04:44:47.400+0000 INFO [o.n.k.i.DiagnosticsManager]  [classpath] C:\Users\Hasan Qasim\.m2\repository\org\eclipse\jetty\jetty-servlet\9.4.8.v20171121\jetty-servlet-9.4.8.v20171121.jar
2019-05-25 04:44:47.400+0000 INFO [o.n.k.i.DiagnosticsManager]  [classpath] C:\Users\Hasan Qasim\.m2\repository\org\freemarker\freemarker\2.3.26-incubating\freemarker-2.3.26-incubating.jar
2019-05-25 04:44:47.400+0000 INFO [o.n.k.i.DiagnosticsManager]  [loader.0] file:/C:/Users/Hasan%20Qasim/.m2/repository/org/apache/lucene/lucene-codecs/5.5.0/lucene-codecs-5.5.0.jar
2019-05-25 04:44:47.400+0000 INFO [o.n.k.i.DiagnosticsManager]  [loader.0] file:/C:/Program%20Files/Java/jdk1.8.0_201/jre/lib/charsets.jar
2019-05-25 04:44:47.400+0000 INFO [o.n.k.i.DiagnosticsManager]  [loader.1] file:/C:/Program%20Files/Java/jdk1.8.0_201/jre/lib/ext/nashorn.jar
2019-05-25 04:44:47.400+0000 INFO [o.n.k.i.DiagnosticsManager]  [loader.0] file:/C:/Program%20Files/Java/jdk1.8.0_201/jre/lib/jce.jar
2019-05-25 04:44:47.400+0000 INFO [o.n.k.i.DiagnosticsManager]  [loader.0] file:/C:/Users/Hasan%20Qasim/.m2/repository/org/neo4j/neo4j-logging/3.3.4/neo4j-logging-3.3.4.jar
2019-05-25 04:44:47.400+0000 INFO [o.n.k.i.DiagnosticsManager]  [loader.0] file:/C:/Users/Hasan%20Qasim/.m2/repository/org/neo4j/neo4j-cypher-compiler-3.2/3.2.9/neo4j-cypher-compiler-3.2-3.2.9.jar
2019-05-25 04:44:47.400+0000 INFO [o.n.k.i.DiagnosticsManager]  [loader.1] file:/C:/Program%20Files/Java/jdk1.8.0_201/jre/lib/ext/dnsns.jar
2019-05-25 04:44:47.400+0000 INFO [o.n.k.i.DiagnosticsManager]  [loader.0] file:/C:/Users/Hasan%20Qasim/.m2/repository/com/googlecode/concurrentlinkedhashmap/concurrentlinkedhashmap-lru/1.4.2/concurrentlinkedhashmap-lru-1.4.2.jar
2019-05-25 04:44:47.400+0000 INFO [o.n.k.i.DiagnosticsManager]  [classpath] C:\Users\Hasan Qasim\.m2\repository\org\ow2\asm\asm-tree\5.2\asm-tree-5.2.jar
2019-05-25 04:44:47.400+0000 INFO [o.n.k.i.DiagnosticsManager]  [classpath] C:\Users\Hasan Qasim\.m2\repository\org\neo4j\neo4j-cypher-frontend-2.3\2.3.12\neo4j-cypher-frontend-2.3-2.3.12.jar
2019-05-25 04:44:47.400+0000 INFO [o.n.k.i.DiagnosticsManager]  [loader.0] file:/C:/Users/Hasan%20Qasim/.m2/repository/com/google/code/findbugs/jsr305/1.3.9/jsr305-1.3.9.jar
2019-05-25 04:44:47.400+0000 INFO [o.n.k.i.DiagnosticsManager]  [classpath] C:\Users\Hasan Qasim\.m2\repository\org\neo4j\neo4j-consistency-check\3.3.4\neo4j-consistency-check-3.3.4.jar
2019-05-25 04:44:47.400+0000 INFO [o.n.k.i.DiagnosticsManager]  [classpath] C:\Users\Hasan Qasim\.m2\repository\org\apache\commons\commons-text\1.1\commons-text-1.1.jar
2019-05-25 04:44:47.400+0000 INFO [o.n.k.i.DiagnosticsManager]  [classpath] C:\Program Files\Java\jdk1.8.0_201\jre\lib\ext\nashorn.jar
2019-05-25 04:44:47.400+0000 INFO [o.n.k.i.DiagnosticsManager]  [loader.0] file:/C:/Users/Hasan%20Qasim/.m2/repository/org/neo4j/neo4j-codegen/3.3.4/neo4j-codegen-3.3.4.jar
2019-05-25 04:44:47.400+0000 INFO [o.n.k.i.DiagnosticsManager]  [classpath] C:\Users\Hasan Qasim\.m2\repository\io\netty\netty-all\4.1.21.Final\netty-all-4.1.21.Final.jar
2019-05-25 04:44:47.400+0000 INFO [o.n.k.i.DiagnosticsManager]  [classpath] C:\Users\Hasan Qasim\.m2\repository\org\apache\lucene\lucene-queryparser\5.5.0\lucene-queryparser-5.5.0.jar
2019-05-25 04:44:47.400+0000 INFO [o.n.k.i.DiagnosticsManager]  [classpath] C:\Users\Hasan Qasim\.m2\repository\org\slf4j\slf4j-api\1.8.0-alpha2\slf4j-api-1.8.0-alpha2.jar
2019-05-25 04:44:47.400+0000 INFO [o.n.k.i.DiagnosticsManager]  [loader.0] file:/C:/Users/Hasan%20Qasim/.m2/repository/org/apache/commons/commons-lang3/3.7/commons-lang3-3.7.jar
2019-05-25 04:44:47.400+0000 INFO [o.n.k.i.DiagnosticsManager]  [loader.0] file:/C:/Users/Hasan%20Qasim/.m2/repository/org/apache/lucene/lucene-queryparser/5.5.0/lucene-queryparser-5.5.0.jar
2019-05-25 04:44:47.400+0000 INFO [o.n.k.i.DiagnosticsManager]  [classpath] C:\Users\Hasan Qasim\.m2\repository\org\eclipse\jetty\websocket\websocket-server\9.4.8.v20171121\websocket-server-9.4.8.v20171121.jar
2019-05-25 04:44:47.400+0000 INFO [o.n.k.i.DiagnosticsManager]  [classpath] C:\Program Files\Java\jdk1.8.0_201\jre\lib\ext\jaccess.jar
2019-05-25 04:44:47.400+0000 INFO [o.n.k.i.DiagnosticsManager]  [loader.0] file:/C:/Users/Hasan%20Qasim/.m2/repository/org/neo4j/neo4j-ogm-core/3.1.0/neo4j-ogm-core-3.1.0.jar
2019-05-25 04:44:47.400+0000 INFO [o.n.k.i.DiagnosticsManager]  [loader.0] file:/C:/Users/Hasan%20Qasim/.m2/repository/org/neo4j/neo4j-graph-matching/3.1.6/neo4j-graph-matching-3.1.6.jar
2019-05-25 04:44:47.400+0000 INFO [o.n.k.i.DiagnosticsManager]  [loader.0] file:/C:/Users/Hasan%20Qasim/.m2/repository/org/eclipse/jetty/jetty-io/9.4.8.v20171121/jetty-io-9.4.8.v20171121.jar
2019-05-25 04:44:47.400+0000 INFO [o.n.k.i.DiagnosticsManager]  [loader.0] file:/C:/Users/Hasan%20Qasim/.m2/repository/com/fasterxml/jackson/core/jackson-annotations/2.7.0/jackson-annotations-2.7.0.jar
2019-05-25 04:44:47.400+0000 INFO [o.n.k.i.DiagnosticsManager]  [loader.0] file:/C:/Users/Hasan%20Qasim/.m2/repository/org/apache/lucene/lucene-backward-codecs/5.5.0/lucene-backward-codecs-5.5.0.jar
2019-05-25 04:44:47.400+0000 INFO [o.n.k.i.DiagnosticsManager]  [loader.0] file:/C:/Program%20Files/Java/jdk1.8.0_201/jre/lib/management-agent.jar
2019-05-25 04:44:47.400+0000 INFO [o.n.k.i.DiagnosticsManager]  [loader.0] file:/C:/Users/Hasan%20Qasim/.m2/repository/org/junit/jupiter/junit-jupiter-api/5.3.2/junit-jupiter-api-5.3.2.jar
2019-05-25 04:44:47.400+0000 INFO [o.n.k.i.DiagnosticsManager]  [loader.0] file:/C:/Users/Hasan%20Qasim/.m2/repository/org/objenesis/objenesis/2.6/objenesis-2.6.jar
2019-05-25 04:44:47.400+0000 INFO [o.n.k.i.DiagnosticsManager]  [loader.0] file:/C:/Users/Hasan%20Qasim/.m2/repository/org/neo4j/neo4j-cypher-ir-3.3/3.3.4/neo4j-cypher-ir-3.3-3.3.4.jar
2019-05-25 04:44:47.403+0000 INFO [o.n.k.i.DiagnosticsManager]  [classpath] C:\Program Files\Java\jdk1.8.0_201\jre\lib\javaws.jar
2019-05-25 04:44:47.403+0000 INFO [o.n.k.i.DiagnosticsManager]  [loader.0] file:/C:/Users/Hasan%20Qasim/.m2/repository/org/neo4j/neo4j-cypher-compiler-3.1/3.1.6/neo4j-cypher-compiler-3.1-3.1.6.jar
2019-05-25 04:44:47.403+0000 INFO [o.n.k.i.DiagnosticsManager]  [loader.0] file:/C:/Users/Hasan%20Qasim/.m2/repository/org/neo4j/neo4j-lucene-upgrade/3.3.4/neo4j-lucene-upgrade-3.3.4.jar
2019-05-25 04:44:47.403+0000 INFO [o.n.k.i.DiagnosticsManager]  [loader.0] file:/C:/Users/Hasan%20Qasim/.m2/repository/org/neo4j/neo4j-ogm-api/3.1.0/neo4j-ogm-api-3.1.0.jar
2019-05-25 04:44:47.403+0000 INFO [o.n.k.i.DiagnosticsManager]  [loader.0] file:/C:/Users/Hasan%20Qasim/.m2/repository/org/eclipse/jetty/jetty-server/9.4.8.v20171121/jetty-server-9.4.8.v20171121.jar
2019-05-25 04:44:47.403+0000 INFO [o.n.k.i.DiagnosticsManager]  [classpath] C:\Users\Hasan Qasim\.m2\repository\org\apiguardian\apiguardian-api\1.0.0\apiguardian-api-1.0.0.jar
2019-05-25 04:44:47.403+0000 INFO [o.n.k.i.DiagnosticsManager]  [classpath] C:\Users\Hasan Qasim\.m2\repository\org\neo4j\neo4j-index\3.3.4\neo4j-index-3.3.4.jar
2019-05-25 04:44:47.403+0000 INFO [o.n.k.i.DiagnosticsManager]  [loader.0] file:/C:/Users/Hasan%20Qasim/.m2/repository/com/fasterxml/jackson/core/jackson-core/2.7.1/jackson-core-2.7.1.jar
2019-05-25 04:44:47.403+0000 INFO [o.n.k.i.DiagnosticsManager]  [classpath] C:\Users\Hasan Qasim\.m2\repository\org\ow2\asm\asm\5.2\asm-5.2.jar
2019-05-25 04:44:47.403+0000 INFO [o.n.k.i.DiagnosticsManager]  [classpath] C:\Users\Hasan Qasim\.m2\repository\com\fasterxml\jackson\core\jackson-annotations\2.7.0\jackson-annotations-2.7.0.jar
2019-05-25 04:44:47.403+0000 INFO [o.n.k.i.DiagnosticsManager]  [classpath] C:\Users\Hasan Qasim\.m2\repository\org\eclipse\jetty\websocket\websocket-servlet\9.4.8.v20171121\websocket-servlet-9.4.8.v20171121.jar
2019-05-25 04:44:47.403+0000 INFO [o.n.k.i.DiagnosticsManager]  [loader.0] file:/C:/Program%20Files/Java/jdk1.8.0_201/jre/lib/plugin.jar
2019-05-25 04:44:47.403+0000 INFO [o.n.k.i.DiagnosticsManager]  [classpath] C:\Users\Hasan Qasim\.m2\repository\org\neo4j\neo4j-jmx\3.3.4\neo4j-jmx-3.3.4.jar
2019-05-25 04:44:47.403+0000 INFO [o.n.k.i.DiagnosticsManager]  [bootstrap + classpath] C:\Program Files\Java\jdk1.8.0_201\jre\lib\jfr.jar
2019-05-25 04:44:47.403+0000 INFO [o.n.k.i.DiagnosticsManager]  [classpath] C:\Users\Hasan Qasim\.m2\repository\org\neo4j\neo4j-ogm-core\3.1.0\neo4j-ogm-core-3.1.0.jar
2019-05-25 04:44:47.403+0000 INFO [o.n.k.i.DiagnosticsManager]  [loader.0] file:/C:/Users/Hasan%20Qasim/.m2/repository/org/neo4j/neo4j-lucene-index/3.3.4/neo4j-lucene-index-3.3.4.jar
2019-05-25 04:44:47.403+0000 INFO [o.n.k.i.DiagnosticsManager]  [loader.0] file:/C:/Users/Hasan%20Qasim/.m2/repository/org/eclipse/jetty/jetty-webapp/9.4.8.v20171121/jetty-webapp-9.4.8.v20171121.jar
2019-05-25 04:44:47.403+0000 INFO [o.n.k.i.DiagnosticsManager]  [classpath] C:\Program Files\Java\jdk1.8.0_201\jre\lib\ext\cldrdata.jar
2019-05-25 04:44:47.403+0000 INFO [o.n.k.i.DiagnosticsManager]  [loader.0] file:/C:/Program%20Files/Java/jdk1.8.0_201/jre/lib/jfr.jar
2019-05-25 04:44:47.403+0000 INFO [o.n.k.i.DiagnosticsManager]  [loader.0] file:/C:/Users/Hasan%20Qasim/.m2/repository/com/google/guava/guava/24.0-jre/guava-24.0-jre.jar
2019-05-25 04:44:47.403+0000 INFO [o.n.k.i.DiagnosticsManager]  [loader.0] file:/C:/Program%20Files/Java/jdk1.8.0_201/jre/lib/javaws.jar
2019-05-25 04:44:47.403+0000 INFO [o.n.k.i.DiagnosticsManager]  [classpath] C:\Users\Hasan Qasim\.m2\repository\org\eclipse\jetty\websocket\websocket-client\9.4.8.v20171121\websocket-client-9.4.8.v20171121.jar
2019-05-25 04:44:47.403+0000 INFO [o.n.k.i.DiagnosticsManager]  [classpath] C:\Program Files\Java\jdk1.8.0_201\jre\lib\management-agent.jar
2019-05-25 04:44:47.404+0000 INFO [o.n.k.i.DiagnosticsManager]  [classpath] C:\Users\Hasan Qasim\.m2\repository\com\sparkjava\spark-core\2.7.2\spark-core-2.7.2.jar
2019-05-25 04:44:47.404+0000 INFO [o.n.k.i.DiagnosticsManager]  [loader.0] file:/C:/Users/Hasan%20Qasim/.m2/repository/org/neo4j/neo4j-graph-algo/3.3.4/neo4j-graph-algo-3.3.4.jar
2019-05-25 04:44:47.404+0000 INFO [o.n.k.i.DiagnosticsManager]  [loader.0] file:/C:/Users/Hasan%20Qasim/.m2/repository/org/neo4j/neo4j-common/3.3.4/neo4j-common-3.3.4.jar
2019-05-25 04:44:47.404+0000 INFO [o.n.k.i.DiagnosticsManager]  [classpath] C:\Users\Hasan Qasim\.m2\repository\commons-io\commons-io\2.4\commons-io-2.4.jar
2019-05-25 04:44:47.405+0000 INFO [o.n.k.i.DiagnosticsManager]  [loader.0] file:/C:/Users/Hasan%20Qasim/.m2/repository/org/apache/logging/log4j/log4j-slf4j-impl/2.11.0/log4j-slf4j-impl-2.11.0.jar
2019-05-25 04:44:47.405+0000 INFO [o.n.k.i.DiagnosticsManager]  [classpath] C:\Users\Hasan Qasim\.m2\repository\org\eclipse\jetty\jetty-client\9.4.8.v20171121\jetty-client-9.4.8.v20171121.jar
2019-05-25 04:44:47.405+0000 INFO [o.n.k.i.DiagnosticsManager]  [classpath] C:\Users\Hasan Qasim\.m2\repository\org\neo4j\neo4j-lucene-upgrade\3.3.4\neo4j-lucene-upgrade-3.3.4.jar
2019-05-25 04:44:47.405+0000 INFO [o.n.k.i.DiagnosticsManager]  [classpath] C:\Users\Hasan Qasim\.m2\repository\org\checkerframework\checker-compat-qual\2.0.0\checker-compat-qual-2.0.0.jar
2019-05-25 04:44:47.405+0000 INFO [o.n.k.i.DiagnosticsManager]  [bootstrap + classpath] C:\Program Files\Java\jdk1.8.0_201\jre\lib\jsse.jar
2019-05-25 04:44:47.405+0000 INFO [o.n.k.i.DiagnosticsManager]  [loader.0] file:/C:/Users/Hasan%20Qasim/.m2/repository/org/freemarker/freemarker/2.3.26-incubating/freemarker-2.3.26-incubating.jar
2019-05-25 04:44:47.405+0000 INFO [o.n.k.i.DiagnosticsManager]  [classpath] C:\Users\Hasan Qasim\.m2\repository\org\neo4j\neo4j-cypher-ir-3.3\3.3.4\neo4j-cypher-ir-3.3-3.3.4.jar
2019-05-25 04:44:47.405+0000 INFO [o.n.k.i.DiagnosticsManager]  [loader.1] file:/C:/Program%20Files/Java/jdk1.8.0_201/jre/lib/ext/sunjce_provider.jar
2019-05-25 04:44:47.405+0000 INFO [o.n.k.i.DiagnosticsManager]  [loader.0] file:/C:/Users/Hasan%20Qasim/.m2/repository/org/junit/jupiter/junit-jupiter-engine/5.3.2/junit-jupiter-engine-5.3.2.jar
2019-05-25 04:44:47.405+0000 INFO [o.n.k.i.DiagnosticsManager]  [loader.0] file:/C:/Users/Hasan%20Qasim/.m2/repository/com/google/errorprone/error_prone_annotations/2.1.3/error_prone_annotations-2.1.3.jar
2019-05-25 04:44:47.405+0000 INFO [o.n.k.i.DiagnosticsManager]  [loader.0] file:/C:/Users/Hasan%20Qasim/.m2/repository/org/apiguardian/apiguardian-api/1.0.0/apiguardian-api-1.0.0.jar
2019-05-25 04:44:47.405+0000 INFO [o.n.k.i.DiagnosticsManager]  [classpath] C:\Program Files\Java\jdk1.8.0_201\jre\lib\ext\sunec.jar
2019-05-25 04:44:47.406+0000 INFO [o.n.k.i.DiagnosticsManager]  [classpath] C:\Users\Hasan Qasim\.m2\repository\org\neo4j\neo4j-command-line\3.3.4\neo4j-command-line-3.3.4.jar
2019-05-25 04:44:47.406+0000 INFO [o.n.k.i.DiagnosticsManager]  [loader.0] file:/C:/Users/Hasan%20Qasim/.m2/repository/org/junit/platform/junit-platform-engine/1.3.2/junit-platform-engine-1.3.2.jar
2019-05-25 04:44:47.406+0000 INFO [o.n.k.i.DiagnosticsManager]  [loader.0] file:/C:/Users/Hasan%20Qasim/.m2/repository/net/sf/opencsv/opencsv/2.3/opencsv-2.3.jar
2019-05-25 04:44:47.406+0000 INFO [o.n.k.i.DiagnosticsManager]  [loader.0] file:/C:/Program%20Files/JetBrains/IntelliJ%20IDEA%202018.3.5/lib/idea_rt.jar
2019-05-25 04:44:47.406+0000 INFO [o.n.k.i.DiagnosticsManager]  [classpath] C:\Users\Hasan Qasim\.m2\repository\com\fasterxml\jackson\core\jackson-databind\2.7.1\jackson-databind-2.7.1.jar
2019-05-25 04:44:47.406+0000 INFO [o.n.k.i.DiagnosticsManager]  [loader.0] file:/C:/Users/Hasan%20Qasim/.m2/repository/org/eclipse/jetty/jetty-servlet/9.4.8.v20171121/jetty-servlet-9.4.8.v20171121.jar
2019-05-25 04:44:47.406+0000 INFO [o.n.k.i.DiagnosticsManager]  [classpath] C:\Users\Hasan Qasim\.m2\repository\org\scala-lang\scala-library\2.11.12\scala-library-2.11.12.jar
2019-05-25 04:44:47.406+0000 INFO [o.n.k.i.DiagnosticsManager]  [classpath] C:\Users\Hasan Qasim\.m2\repository\org\neo4j\neo4j-cypher-compiler-3.1\3.1.6\neo4j-cypher-compiler-3.1-3.1.6.jar
2019-05-25 04:44:47.406+0000 INFO [o.n.k.i.DiagnosticsManager]  [loader.0] file:/C:/Users/Hasan%20Qasim/.m2/repository/org/neo4j/neo4j-cypher-logical-plans-3.3/3.3.4/neo4j-cypher-logical-plans-3.3-3.3.4.jar
2019-05-25 04:44:47.406+0000 INFO [o.n.k.i.DiagnosticsManager]  [classpath] C:\Users\Hasan Qasim\.m2\repository\com\googlecode\concurrentlinkedhashmap\concurrentlinkedhashmap-lru\1.4.2\concurrentlinkedhashmap-lru-1.4.2.jar
2019-05-25 04:44:47.406+0000 INFO [o.n.k.i.DiagnosticsManager]  [loader.0] file:/C:/Users/Hasan%20Qasim/.m2/repository/org/bouncycastle/bcprov-jdk15on/1.53/bcprov-jdk15on-1.53.jar
2019-05-25 04:44:47.406+0000 INFO [o.n.k.i.DiagnosticsManager]  [loader.0] file:/C:/Users/Hasan%20Qasim/.m2/repository/org/neo4j/neo4j-cypher-ir-3.2/3.2.9/neo4j-cypher-ir-3.2-3.2.9.jar
2019-05-25 04:44:47.406+0000 INFO [o.n.k.i.DiagnosticsManager]  [loader.0] file:/C:/Users/Hasan%20Qasim/.m2/repository/org/neo4j/neo4j-consistency-check/3.3.4/neo4j-consistency-check-3.3.4.jar
2019-05-25 04:44:47.406+0000 INFO [o.n.k.i.DiagnosticsManager]  [loader.0] file:/C:/Users/Hasan%20Qasim/.m2/repository/commons-io/commons-io/2.4/commons-io-2.4.jar
2019-05-25 04:44:47.406+0000 INFO [o.n.k.i.DiagnosticsManager]  [classpath] C:\Users\Hasan Qasim\.m2\repository\org\junit\platform\junit-platform-engine\1.3.2\junit-platform-engine-1.3.2.jar
2019-05-25 04:44:47.406+0000 INFO [o.n.k.i.DiagnosticsManager]  [classpath] C:\Users\Hasan Qasim\.m2\repository\org\junit\jupiter\junit-jupiter-engine\5.3.2\junit-jupiter-engine-5.3.2.jar
2019-05-25 04:44:47.406+0000 INFO [o.n.k.i.DiagnosticsManager]  [loader.0] file:/C:/Users/Hasan%20Qasim/.m2/repository/commons-codec/commons-codec/1.9/commons-codec-1.9.jar
2019-05-25 04:44:47.406+0000 INFO [o.n.k.i.DiagnosticsManager]  [bootstrap + classpath] C:\Program Files\Java\jdk1.8.0_201\jre\lib\rt.jar
2019-05-25 04:44:47.406+0000 INFO [o.n.k.i.DiagnosticsManager]  [loader.0] file:/C:/Users/Hasan%20Qasim/.m2/repository/org/scala-lang/scala-reflect/2.11.12/scala-reflect-2.11.12.jar
2019-05-25 04:44:47.406+0000 INFO [o.n.k.i.DiagnosticsManager]  [classpath] C:\Program Files\Java\jdk1.8.0_201\jre\lib\plugin.jar
2019-05-25 04:44:47.406+0000 INFO [o.n.k.i.DiagnosticsManager]  [loader.0] file:/C:/Users/Hasan%20Qasim/.m2/repository/org/eclipse/jetty/jetty-util/9.4.8.v20171121/jetty-util-9.4.8.v20171121.jar
2019-05-25 04:44:47.406+0000 INFO [o.n.k.i.DiagnosticsManager]  [loader.0] file:/C:/Users/Hasan%20Qasim/.m2/repository/org/ow2/asm/asm/5.2/asm-5.2.jar
2019-05-25 04:44:47.406+0000 INFO [o.n.k.i.DiagnosticsManager]  [classpath] C:\Program Files\JetBrains\IntelliJ IDEA 2018.3.5\lib\idea_rt.jar
2019-05-25 04:44:47.406+0000 INFO [o.n.k.i.DiagnosticsManager]  [classpath] C:\Users\Hasan Qasim\Documents\software testing\FIT5171_Assignment_3\target\classes
2019-05-25 04:44:47.406+0000 INFO [o.n.k.i.DiagnosticsManager]  [loader.0] file:/C:/Users/Hasan%20Qasim/.m2/repository/org/neo4j/neo4j-dbms/3.3.4/neo4j-dbms-3.3.4.jar
2019-05-25 04:44:47.406+0000 INFO [o.n.k.i.DiagnosticsManager]  [loader.0] file:/C:/Program%20Files/Java/jdk1.8.0_201/jre/lib/resources.jar
2019-05-25 04:44:47.406+0000 INFO [o.n.k.i.DiagnosticsManager]  [loader.0] file:/C:/Users/Hasan%20Qasim/.m2/repository/org/neo4j/neo4j-cypher-compiler-2.3/2.3.12/neo4j-cypher-compiler-2.3-2.3.12.jar
2019-05-25 04:44:47.406+0000 INFO [o.n.k.i.DiagnosticsManager]  [classpath] C:\Users\Hasan Qasim\.m2\repository\org\neo4j\neo4j-cypher-ir-3.2\3.2.9\neo4j-cypher-ir-3.2-3.2.9.jar
2019-05-25 04:44:47.406+0000 INFO [o.n.k.i.DiagnosticsManager]  [loader.0] file:/C:/Users/Hasan%20Qasim/.m2/repository/net/bytebuddy/byte-buddy/1.7.9/byte-buddy-1.7.9.jar
2019-05-25 04:44:47.406+0000 INFO [o.n.k.i.DiagnosticsManager]  [loader.0] file:/C:/Users/Hasan%20Qasim/.m2/repository/org/eclipse/jetty/websocket/websocket-common/9.4.8.v20171121/websocket-common-9.4.8.v20171121.jar
2019-05-25 04:44:47.406+0000 INFO [o.n.k.i.DiagnosticsManager]  [classpath] C:\Users\Hasan Qasim\.m2\repository\org\neo4j\neo4j-ogm-api\3.1.0\neo4j-ogm-api-3.1.0.jar
2019-05-25 04:44:47.406+0000 INFO [o.n.k.i.DiagnosticsManager]  [classpath] C:\Users\Hasan Qasim\.m2\repository\org\junit\jupiter\junit-jupiter-api\5.3.2\junit-jupiter-api-5.3.2.jar
2019-05-25 04:44:47.406+0000 INFO [o.n.k.i.DiagnosticsManager]  [loader.0] file:/C:/Users/Hasan%20Qasim/.m2/repository/org/eclipse/jetty/jetty-http/9.4.8.v20171121/jetty-http-9.4.8.v20171121.jar
2019-05-25 04:44:47.406+0000 INFO [o.n.k.i.DiagnosticsManager]  [loader.0] file:/C:/Users/Hasan%20Qasim/.m2/repository/org/apache/commons/commons-text/1.1/commons-text-1.1.jar
2019-05-25 04:44:47.406+0000 INFO [o.n.k.i.DiagnosticsManager]  [loader.0] file:/C:/Users/Hasan%20Qasim/Documents/software%20testing/FIT5171_Assignment_3/target/classes/
2019-05-25 04:44:47.407+0000 INFO [o.n.k.i.DiagnosticsManager]  [classpath] C:\Users\Hasan Qasim\.m2\repository\net\bytebuddy\byte-buddy-agent\1.7.9\byte-buddy-agent-1.7.9.jar
2019-05-25 04:44:47.407+0000 INFO [o.n.k.i.DiagnosticsManager]  [classpath] C:\Users\Hasan Qasim\.m2\repository\javax\servlet\javax.servlet-api\3.1.0\javax.servlet-api-3.1.0.jar
2019-05-25 04:44:47.407+0000 INFO [o.n.k.i.DiagnosticsManager]  [loader.1] file:/C:/Program%20Files/Java/jdk1.8.0_201/jre/lib/ext/sunmscapi.jar
2019-05-25 04:44:47.407+0000 INFO [o.n.k.i.DiagnosticsManager]  [classpath] C:\Users\Hasan Qasim\.m2\repository\org\neo4j\neo4j-cypher-frontend-3.1\3.1.6\neo4j-cypher-frontend-3.1-3.1.6.jar
2019-05-25 04:44:47.407+0000 INFO [o.n.k.i.DiagnosticsManager]  [classpath] C:\Users\Hasan Qasim\.m2\repository\org\neo4j\neo4j-csv\3.3.4\neo4j-csv-3.3.4.jar
2019-05-25 04:44:47.407+0000 INFO [o.n.k.i.DiagnosticsManager]  [classpath] C:\Users\Hasan Qasim\.m2\repository\io\github\lukehutch\fast-classpath-scanner\2.7.4\fast-classpath-scanner-2.7.4.jar
2019-05-25 04:44:47.407+0000 INFO [o.n.k.i.DiagnosticsManager]  [loader.0] file:/C:/Users/Hasan%20Qasim/.m2/repository/org/bouncycastle/bcpkix-jdk15on/1.53/bcpkix-jdk15on-1.53.jar
2019-05-25 04:44:47.407+0000 INFO [o.n.k.i.DiagnosticsManager]  [classpath] C:\Users\Hasan Qasim\.m2\repository\org\neo4j\neo4j-cypher-frontend-3.2\3.2.9\neo4j-cypher-frontend-3.2-3.2.9.jar
2019-05-25 04:44:47.407+0000 INFO [o.n.k.i.DiagnosticsManager]  [loader.0] file:/C:/Users/Hasan%20Qasim/.m2/repository/org/neo4j/neo4j-csv/3.3.4/neo4j-csv-3.3.4.jar
2019-05-25 04:44:47.407+0000 INFO [o.n.k.i.DiagnosticsManager]  [loader.0] file:/C:/Users/Hasan%20Qasim/.m2/repository/org/opentest4j/opentest4j/1.1.1/opentest4j-1.1.1.jar
2019-05-25 04:44:47.407+0000 INFO [o.n.k.i.DiagnosticsManager]  [loader.0] file:/C:/Users/Hasan%20Qasim/.m2/repository/org/neo4j/neo4j-resource/3.3.4/neo4j-resource-3.3.4.jar
2019-05-25 04:44:47.407+0000 INFO [o.n.k.i.DiagnosticsManager]  [loader.0] file:/C:/Users/Hasan%20Qasim/.m2/repository/org/neo4j/neo4j-cypher-frontend-3.2/3.2.9/neo4j-cypher-frontend-3.2-3.2.9.jar
2019-05-25 04:44:47.407+0000 INFO [o.n.k.i.DiagnosticsManager]  [classpath] C:\Users\Hasan Qasim\.m2\repository\org\eclipse\jetty\jetty-server\9.4.8.v20171121\jetty-server-9.4.8.v20171121.jar
2019-05-25 04:44:47.407+0000 INFO [o.n.k.i.DiagnosticsManager]  [loader.0] file:/C:/Users/Hasan%20Qasim/.m2/repository/org/neo4j/neo4j-cypher-frontend-2.3/2.3.12/neo4j-cypher-frontend-2.3-2.3.12.jar
2019-05-25 04:44:47.407+0000 INFO [o.n.k.i.DiagnosticsManager]  [classpath] C:\Users\Hasan Qasim\.m2\repository\org\neo4j\neo4j-ssl\3.3.4\neo4j-ssl-3.3.4.jar
2019-05-25 04:44:47.407+0000 INFO [o.n.k.i.DiagnosticsManager]  [loader.0] file:/C:/Users/Hasan%20Qasim/.m2/repository/org/neo4j/neo4j-ssl/3.3.4/neo4j-ssl-3.3.4.jar
2019-05-25 04:44:47.407+0000 INFO [o.n.k.i.DiagnosticsManager]  [classpath] C:\Program Files\Java\jdk1.8.0_201\jre\lib\ext\sunjce_provider.jar
2019-05-25 04:44:47.407+0000 INFO [o.n.k.i.DiagnosticsManager]  [classpath] C:\Users\Hasan Qasim\.m2\repository\org\neo4j\neo4j-cypher\3.3.4\neo4j-cypher-3.3.4.jar
2019-05-25 04:44:47.407+0000 INFO [o.n.k.i.DiagnosticsManager]  [classpath] C:\Users\Hasan Qasim\.m2\repository\org\neo4j\neo4j-udc\3.3.4\neo4j-udc-3.3.4.jar
2019-05-25 04:44:47.407+0000 INFO [o.n.k.i.DiagnosticsManager]  [loader.0] file:/C:/Users/Hasan%20Qasim/.m2/repository/com/google/j2objc/j2objc-annotations/1.1/j2objc-annotations-1.1.jar
2019-05-25 04:44:47.407+0000 INFO [o.n.k.i.DiagnosticsManager]  [classpath] C:\Users\Hasan Qasim\.m2\repository\org\neo4j\neo4j-graph-matching\3.1.6\neo4j-graph-matching-3.1.6.jar
2019-05-25 04:44:47.407+0000 INFO [o.n.k.i.DiagnosticsManager]  [classpath] C:\Users\Hasan Qasim\.m2\repository\org\apache\lucene\lucene-core\5.5.0\lucene-core-5.5.0.jar
2019-05-25 04:44:47.407+0000 INFO [o.n.k.i.DiagnosticsManager]  [loader.0] file:/C:/Users/Hasan%20Qasim/.m2/repository/org/neo4j/neo4j-ogm-embedded-driver/3.0.2/neo4j-ogm-embedded-driver-3.0.2.jar
2019-05-25 04:44:47.407+0000 INFO [o.n.k.i.DiagnosticsManager]  [classpath] C:\Users\Hasan Qasim\.m2\repository\org\ow2\asm\asm-analysis\5.2\asm-analysis-5.2.jar
2019-05-25 04:44:47.407+0000 INFO [o.n.k.i.DiagnosticsManager]  [classpath] C:\Users\Hasan Qasim\.m2\repository\org\eclipse\jetty\jetty-webapp\9.4.8.v20171121\jetty-webapp-9.4.8.v20171121.jar
2019-05-25 04:44:47.407+0000 INFO [o.n.k.i.DiagnosticsManager]  [classpath] C:\Users\Hasan Qasim\.m2\repository\org\neo4j\neo4j\3.3.4\neo4j-3.3.4.jar
2019-05-25 04:44:47.407+0000 INFO [o.n.k.i.DiagnosticsManager]  [classpath] C:\Users\Hasan Qasim\.m2\repository\net\bytebuddy\byte-buddy\1.7.9\byte-buddy-1.7.9.jar
2019-05-25 04:44:47.407+0000 INFO [o.n.k.i.DiagnosticsManager]  [loader.0] file:/C:/Users/Hasan%20Qasim/.m2/repository/org/parboiled/parboiled-core/1.1.7/parboiled-core-1.1.7.jar
2019-05-25 04:44:47.407+0000 INFO [o.n.k.i.DiagnosticsManager]  [loader.0] file:/C:/Users/Hasan%20Qasim/.m2/repository/org/neo4j/neo4j-unsafe/3.3.4/neo4j-unsafe-3.3.4.jar
2019-05-25 04:44:47.407+0000 INFO [o.n.k.i.DiagnosticsManager]  [classpath] C:\Users\Hasan Qasim\.m2\repository\org\apache\logging\log4j\log4j-api\2.11.0\log4j-api-2.11.0.jar
2019-05-25 04:44:47.407+0000 INFO [o.n.k.i.DiagnosticsManager]  [classpath] C:\Users\Hasan Qasim\.m2\repository\org\apache\lucene\lucene-analyzers-common\5.5.0\lucene-analyzers-common-5.5.0.jar
2019-05-25 04:44:47.407+0000 INFO [o.n.k.i.DiagnosticsManager]  [classpath] C:\Users\Hasan Qasim\.m2\repository\com\github\ben-manes\caffeine\caffeine\2.3.3\caffeine-2.3.3.jar
2019-05-25 04:44:47.407+0000 INFO [o.n.k.i.DiagnosticsManager]  [classpath] C:\Users\Hasan Qasim\.m2\repository\org\neo4j\neo4j-configuration\3.3.4\neo4j-configuration-3.3.4.jar
2019-05-25 04:44:47.407+0000 INFO [o.n.k.i.DiagnosticsManager]  [loader.1] file:/C:/Program%20Files/Java/jdk1.8.0_201/jre/lib/ext/access-bridge-64.jar
2019-05-25 04:44:47.407+0000 INFO [o.n.k.i.DiagnosticsManager]  [loader.0] file:/C:/Users/Hasan%20Qasim/.m2/repository/org/neo4j/neo4j-cypher-frontend-3.1/3.1.6/neo4j-cypher-frontend-3.1-3.1.6.jar
2019-05-25 04:44:47.408+0000 INFO [o.n.k.i.DiagnosticsManager]  [classpath] C:\Users\Hasan Qasim\.m2\repository\org\apache\lucene\lucene-codecs\5.5.0\lucene-codecs-5.5.0.jar
2019-05-25 04:44:47.408+0000 INFO [o.n.k.i.DiagnosticsManager]  [classpath] C:\Program Files\Java\jdk1.8.0_201\jre\lib\deploy.jar
2019-05-25 04:44:47.408+0000 INFO [o.n.k.i.DiagnosticsManager]  [classpath] C:\Users\Hasan Qasim\.m2\repository\org\eclipse\jetty\jetty-util\9.4.8.v20171121\jetty-util-9.4.8.v20171121.jar
2019-05-25 04:44:47.408+0000 INFO [o.n.k.i.DiagnosticsManager]  [loader.0] file:/C:/Users/Hasan%20Qasim/.m2/repository/org/neo4j/neo4j-index/3.3.4/neo4j-index-3.3.4.jar
2019-05-25 04:44:47.408+0000 INFO [o.n.k.i.DiagnosticsManager]  [classpath] C:\Users\Hasan Qasim\.m2\repository\com\fasterxml\jackson\core\jackson-core\2.7.1\jackson-core-2.7.1.jar
2019-05-25 04:44:47.408+0000 INFO [o.n.k.i.DiagnosticsManager]  [loader.1] file:/C:/Program%20Files/Java/jdk1.8.0_201/jre/lib/ext/localedata.jar
2019-05-25 04:44:47.408+0000 INFO [o.n.k.i.DiagnosticsManager]  [classpath] C:\Users\Hasan Qasim\.m2\repository\org\apache\commons\commons-csv\1.5\commons-csv-1.5.jar
2019-05-25 04:44:47.408+0000 INFO [o.n.k.i.DiagnosticsManager]  [classpath] C:\Users\Hasan Qasim\.m2\repository\org\neo4j\neo4j-graph-algo\3.3.4\neo4j-graph-algo-3.3.4.jar
2019-05-25 04:44:47.408+0000 INFO [o.n.k.i.DiagnosticsManager]  [loader.0] file:/C:/Users/Hasan%20Qasim/.m2/repository/com/sparkjava/spark-core/2.7.2/spark-core-2.7.2.jar
2019-05-25 04:44:47.408+0000 INFO [o.n.k.i.DiagnosticsManager]  [classpath] C:\Users\Hasan Qasim\.m2\repository\org\eclipse\jetty\websocket\websocket-api\9.4.8.v20171121\websocket-api-9.4.8.v20171121.jar
2019-05-25 04:44:47.408+0000 INFO [o.n.k.i.DiagnosticsManager]  [loader.1] file:/C:/Program%20Files/Java/jdk1.8.0_201/jre/lib/ext/jfxrt.jar
2019-05-25 04:44:47.408+0000 INFO [o.n.k.i.DiagnosticsManager]  [loader.0] file:/C:/Users/Hasan%20Qasim/.m2/repository/org/apache/lucene/lucene-analyzers-common/5.5.0/lucene-analyzers-common-5.5.0.jar
2019-05-25 04:44:47.408+0000 INFO [o.n.k.i.DiagnosticsManager]  [classpath] C:\Users\Hasan Qasim\.m2\repository\org\neo4j\neo4j-codegen\3.3.4\neo4j-codegen-3.3.4.jar
2019-05-25 04:44:47.408+0000 INFO [o.n.k.i.DiagnosticsManager]  [classpath] C:\Program Files\Java\jdk1.8.0_201\jre\lib\ext\access-bridge-64.jar
2019-05-25 04:44:47.408+0000 INFO [o.n.k.i.DiagnosticsManager]  [classpath] C:\Users\Hasan Qasim\.m2\repository\org\neo4j\neo4j-common\3.3.4\neo4j-common-3.3.4.jar
2019-05-25 04:44:47.408+0000 INFO [o.n.k.i.DiagnosticsManager]  [bootstrap + classpath] C:\Program Files\Java\jdk1.8.0_201\jre\lib\jce.jar
2019-05-25 04:44:47.408+0000 INFO [o.n.k.i.DiagnosticsManager]  [classpath] C:\Users\Hasan Qasim\.m2\repository\org\neo4j\neo4j-logging\3.3.4\neo4j-logging-3.3.4.jar
2019-05-25 04:44:47.408+0000 INFO [o.n.k.i.DiagnosticsManager]  [classpath] C:\Program Files\Java\jdk1.8.0_201\jre\lib\ext\jfxrt.jar
2019-05-25 04:44:47.408+0000 INFO [o.n.k.i.DiagnosticsManager]  [classpath] C:\Program Files\Java\jdk1.8.0_201\jre\lib\ext\zipfs.jar
2019-05-25 04:44:47.408+0000 INFO [o.n.k.i.DiagnosticsManager]  [bootstrap + classpath] C:\Program Files\Java\jdk1.8.0_201\jre\lib\resources.jar
2019-05-25 04:44:47.408+0000 INFO [o.n.k.i.DiagnosticsManager]  [loader.0] file:/C:/Users/Hasan%20Qasim/.m2/repository/org/ow2/asm/asm-analysis/5.2/asm-analysis-5.2.jar
2019-05-25 04:44:47.408+0000 INFO [o.n.k.i.DiagnosticsManager]  [classpath] C:\Users\Hasan Qasim\.m2\repository\org\eclipse\jetty\jetty-io\9.4.8.v20171121\jetty-io-9.4.8.v20171121.jar
2019-05-25 04:44:47.408+0000 INFO [o.n.k.i.DiagnosticsManager]  [classpath] C:\Users\Hasan Qasim\.m2\repository\org\opentest4j\opentest4j\1.1.1\opentest4j-1.1.1.jar
2019-05-25 04:44:47.408+0000 INFO [o.n.k.i.DiagnosticsManager]  [classpath] C:\Users\Hasan Qasim\.m2\repository\com\google\j2objc\j2objc-annotations\1.1\j2objc-annotations-1.1.jar
2019-05-25 04:44:47.408+0000 INFO [o.n.k.i.DiagnosticsManager]  [classpath] C:\Users\Hasan Qasim\.m2\repository\org\neo4j\neo4j-graphdb-api\3.3.4\neo4j-graphdb-api-3.3.4.jar
2019-05-25 04:44:47.408+0000 INFO [o.n.k.i.DiagnosticsManager]  [loader.0] file:/C:/Users/Hasan%20Qasim/.m2/repository/org/apache/logging/log4j/log4j-api/2.11.0/log4j-api-2.11.0.jar
2019-05-25 04:44:47.408+0000 INFO [o.n.k.i.DiagnosticsManager]  [loader.1] file:/C:/Program%20Files/Java/jdk1.8.0_201/jre/lib/ext/zipfs.jar
2019-05-25 04:44:47.408+0000 INFO [o.n.k.i.DiagnosticsManager] Library path:
2019-05-25 04:44:47.408+0000 INFO [o.n.k.i.DiagnosticsManager] C:\Program Files\Java\jdk1.8.0_201\bin
2019-05-25 04:44:47.409+0000 INFO [o.n.k.i.DiagnosticsManager] C:\Windows\Sun\Java\bin
2019-05-25 04:44:47.409+0000 INFO [o.n.k.i.DiagnosticsManager] C:\Windows\System32
2019-05-25 04:44:47.409+0000 INFO [o.n.k.i.DiagnosticsManager] C:\Windows
2019-05-25 04:44:47.409+0000 INFO [o.n.k.i.DiagnosticsManager] C:\Program Files (x86)\Common Files\Oracle\Java\javapath
2019-05-25 04:44:47.409+0000 INFO [o.n.k.i.DiagnosticsManager] C:\Users\Hasan Qasim\algs4\java\bin
2019-05-25 04:44:47.409+0000 INFO [o.n.k.i.DiagnosticsManager] C:\Windows\System32
2019-05-25 04:44:47.409+0000 INFO [o.n.k.i.DiagnosticsManager] C:\Windows
2019-05-25 04:44:47.409+0000 INFO [o.n.k.i.DiagnosticsManager] C:\Windows\System32\wbem
2019-05-25 04:44:47.409+0000 INFO [o.n.k.i.DiagnosticsManager] C:\Windows\System32\WindowsPowerShell\v1.0
2019-05-25 04:44:47.411+0000 INFO [o.n.k.i.DiagnosticsManager] C:\Program Files\PuTTY
2019-05-25 04:44:47.411+0000 INFO [o.n.k.i.DiagnosticsManager] C:\Windows\System32\OpenSSH
2019-05-25 04:44:47.411+0000 INFO [o.n.k.i.DiagnosticsManager] C:\Program Files\Git\cmd
2019-05-25 04:44:47.411+0000 INFO [o.n.k.i.DiagnosticsManager] C:\Users\Hasan Qasim\Downloads\apache-maven-3.6.0-bin\apache-maven-3.6.0\bin
2019-05-25 04:44:47.411+0000 INFO [o.n.k.i.DiagnosticsManager] C:\Users\Hasan Qasim\algs4\java\bin
2019-05-25 04:44:47.412+0000 INFO [o.n.k.i.DiagnosticsManager] C:\Users\Hasan Qasim\Scripts
2019-05-25 04:44:47.412+0000 INFO [o.n.k.i.DiagnosticsManager] C:\Users\Hasan Qasim
2019-05-25 04:44:47.412+0000 INFO [o.n.k.i.DiagnosticsManager] C:\Users\Hasan Qasim\AppData\Local\Microsoft\WindowsApps
2019-05-25 04:44:47.412+0000 INFO [o.n.k.i.DiagnosticsManager] C:\Users\Hasan Qasim\algs4\bin
2019-05-25 04:44:47.413+0000 INFO [o.n.k.i.DiagnosticsManager] C:\Users\Hasan Qasim\AppData\Local\Programs\MiKTeX 2.9\miktex\bin\x64
2019-05-25 04:44:47.413+0000 INFO [o.n.k.i.DiagnosticsManager] C:\Users\Hasan Qasim\AppData\Local\GitHubDesktop\bin
2019-05-25 04:44:47.413+0000 INFO [o.n.k.i.DiagnosticsManager] C:\Users\Hasan Qasim\Downloads\apache-maven-3.6.0-bin\apache-maven-3.6.0\bin
2019-05-25 04:44:47.413+0000 INFO [o.n.k.i.DiagnosticsManager] C:\Users\Hasan Qasim\Documents\software testing\FIT5171_Assignment_3
2019-05-25 04:44:47.414+0000 INFO [o.n.k.i.DiagnosticsManager] C:\Users\Hasan Qasim\Documents\software testing\FIT5171_Assignment_3
2019-05-25 04:44:47.414+0000 INFO [o.n.k.i.DiagnosticsManager] System.properties:
2019-05-25 04:44:47.414+0000 INFO [o.n.k.i.DiagnosticsManager] sun.boot.library.path = C:\Program Files\Java\jdk1.8.0_201\jre\bin
2019-05-25 04:44:47.414+0000 INFO [o.n.k.i.DiagnosticsManager] path.separator = ;
2019-05-25 04:44:47.414+0000 INFO [o.n.k.i.DiagnosticsManager] file.encoding.pkg = sun.io
2019-05-25 04:44:47.414+0000 INFO [o.n.k.i.DiagnosticsManager] user.country = US
2019-05-25 04:44:47.414+0000 INFO [o.n.k.i.DiagnosticsManager] user.script = 
2019-05-25 04:44:47.414+0000 INFO [o.n.k.i.DiagnosticsManager] sun.java.launcher = SUN_STANDARD
2019-05-25 04:44:47.414+0000 INFO [o.n.k.i.DiagnosticsManager] sun.os.patch.level = 
2019-05-25 04:44:47.414+0000 INFO [o.n.k.i.DiagnosticsManager] user.dir = C:\Users\Hasan Qasim\Documents\software testing\FIT5171_Assignment_3
2019-05-25 04:44:47.414+0000 INFO [o.n.k.i.DiagnosticsManager] user.variant = 
2019-05-25 04:44:47.414+0000 INFO [o.n.k.i.DiagnosticsManager] sun.jnu.encoding = Cp1252
2019-05-25 04:44:47.414+0000 INFO [o.n.k.i.DiagnosticsManager] sun.management.compiler = HotSpot 64-Bit Tiered Compilers
2019-05-25 04:44:47.414+0000 INFO [o.n.k.i.DiagnosticsManager] user.home = C:\Users\Hasan Qasim
2019-05-25 04:44:47.414+0000 INFO [o.n.k.i.DiagnosticsManager] user.timezone = Australia/Sydney
2019-05-25 04:44:47.414+0000 INFO [o.n.k.i.DiagnosticsManager] file.encoding = UTF-8
2019-05-25 04:44:47.414+0000 INFO [o.n.k.i.DiagnosticsManager] user.name = Hasan Qasim
2019-05-25 04:44:47.414+0000 INFO [o.n.k.i.DiagnosticsManager] sun.java.command = rockets.web.App
2019-05-25 04:44:47.414+0000 INFO [o.n.k.i.DiagnosticsManager] sun.arch.data.model = 64
2019-05-25 04:44:47.414+0000 INFO [o.n.k.i.DiagnosticsManager] user.language = en
2019-05-25 04:44:47.414+0000 INFO [o.n.k.i.DiagnosticsManager] awt.toolkit = sun.awt.windows.WToolkit
2019-05-25 04:44:47.414+0000 INFO [o.n.k.i.DiagnosticsManager] file.separator = \
2019-05-25 04:44:47.414+0000 INFO [o.n.k.i.DiagnosticsManager] sun.io.unicode.encoding = UnicodeLittle
2019-05-25 04:44:47.414+0000 INFO [o.n.k.i.DiagnosticsManager] sun.cpu.endian = little
2019-05-25 04:44:47.414+0000 INFO [o.n.k.i.DiagnosticsManager] sun.desktop = windows
2019-05-25 04:44:47.414+0000 INFO [o.n.k.i.DiagnosticsManager] sun.cpu.isalist = amd64
2019-05-25 04:44:47.414+0000 INFO [o.n.k.i.DiagnosticsManager] Network information:
2019-05-25 04:44:47.509+0000 INFO [o.n.k.i.DiagnosticsManager] Interface Software Loopback Interface 1:
2019-05-25 04:44:47.509+0000 INFO [o.n.k.i.DiagnosticsManager]     address: 127.0.0.1
2019-05-25 04:44:47.509+0000 INFO [o.n.k.i.DiagnosticsManager]     address: 0:0:0:0:0:0:0:1
2019-05-25 04:44:47.509+0000 INFO [o.n.k.i.DiagnosticsManager] Interface WAN Miniport (Network Monitor):
2019-05-25 04:44:47.509+0000 INFO [o.n.k.i.DiagnosticsManager] Interface Microsoft 6to4 Adapter:
2019-05-25 04:44:47.509+0000 INFO [o.n.k.i.DiagnosticsManager] Interface WAN Miniport (IPv6):
2019-05-25 04:44:47.509+0000 INFO [o.n.k.i.DiagnosticsManager] Interface Microsoft IP-HTTPS Platform Adapter:
2019-05-25 04:44:47.509+0000 INFO [o.n.k.i.DiagnosticsManager] Interface Microsoft Kernel Debug Network Adapter:
2019-05-25 04:44:47.509+0000 INFO [o.n.k.i.DiagnosticsManager] Interface Microsoft Wi-Fi Direct Virtual Adapter #2:
2019-05-25 04:44:47.510+0000 INFO [o.n.k.i.DiagnosticsManager]     address: fe80:0:0:0:bc1f:201:c8e2:32df%wlan0
2019-05-25 04:44:47.510+0000 INFO [o.n.k.i.DiagnosticsManager] Interface Killer Wireless-n/a/ac 1535 Wireless Network Adapter:
2019-05-25 04:44:47.510+0000 INFO [o.n.k.i.DiagnosticsManager]     address: 118.138.122.200
2019-05-25 04:44:47.510+0000 INFO [o.n.k.i.DiagnosticsManager]     address: fe80:0:0:0:d536:bb0b:651:f4a4%wlan1
2019-05-25 04:44:47.510+0000 INFO [o.n.k.i.DiagnosticsManager] Interface WAN Miniport (PPPOE):
2019-05-25 04:44:47.510+0000 INFO [o.n.k.i.DiagnosticsManager] Interface WAN Miniport (IP):
2019-05-25 04:44:47.510+0000 INFO [o.n.k.i.DiagnosticsManager] Interface Bluetooth Device (RFCOMM Protocol TDI):
2019-05-25 04:44:47.510+0000 INFO [o.n.k.i.DiagnosticsManager] Interface Cisco AnyConnect Secure Mobility Client Virtual Miniport Adapter for Windows x64:
2019-05-25 04:44:47.510+0000 INFO [o.n.k.i.DiagnosticsManager] Interface Microsoft Teredo Tunneling Adapter:
2019-05-25 04:44:47.510+0000 INFO [o.n.k.i.DiagnosticsManager] Interface VirtualBox Host-Only Ethernet Adapter:
2019-05-25 04:44:47.510+0000 INFO [o.n.k.i.DiagnosticsManager] Interface RAS Async Adapter:
2019-05-25 04:44:47.510+0000 INFO [o.n.k.i.DiagnosticsManager] Interface Bluetooth Device (Personal Area Network):
2019-05-25 04:44:47.510+0000 INFO [o.n.k.i.DiagnosticsManager]     address: fe80:0:0:0:2c40:950c:deb0:916f%eth6
2019-05-25 04:44:47.510+0000 INFO [o.n.k.i.DiagnosticsManager] Interface VirtualBox Host-Only Ethernet Adapter #2:
2019-05-25 04:44:47.510+0000 INFO [o.n.k.i.DiagnosticsManager]     address: 192.168.56.1
2019-05-25 04:44:47.510+0000 INFO [o.n.k.i.DiagnosticsManager]     address: fe80:0:0:0:6451:4f4e:ab7d:6f75%eth7
2019-05-25 04:44:47.510+0000 INFO [o.n.k.i.DiagnosticsManager] Interface Microsoft Wi-Fi Direct Virtual Adapter:
2019-05-25 04:44:47.510+0000 INFO [o.n.k.i.DiagnosticsManager]     address: fe80:0:0:0:e9f9:a861:671e:d9bd%wlan2
2019-05-25 04:44:47.510+0000 INFO [o.n.k.i.DiagnosticsManager] Interface WAN Miniport (L2TP):
2019-05-25 04:44:47.510+0000 INFO [o.n.k.i.DiagnosticsManager] Interface WAN Miniport (PPTP):
2019-05-25 04:44:47.510+0000 INFO [o.n.k.i.DiagnosticsManager] Interface WAN Miniport (SSTP):
2019-05-25 04:44:47.510+0000 INFO [o.n.k.i.DiagnosticsManager] Interface WAN Miniport (IKEv2):
2019-05-25 04:44:47.510+0000 INFO [o.n.k.i.DiagnosticsManager] Interface VirtualBox Host-Only Ethernet Adapter #2-WFP Native MAC Layer LightWeight Filter-0000:
2019-05-25 04:44:47.510+0000 INFO [o.n.k.i.DiagnosticsManager] Interface VirtualBox Host-Only Ethernet Adapter #2-QoS Packet Scheduler-0000:
2019-05-25 04:44:47.511+0000 INFO [o.n.k.i.DiagnosticsManager] Interface VirtualBox Host-Only Ethernet Adapter #2-WFP 802.3 MAC Layer LightWeight Filter-0000:
2019-05-25 04:44:47.511+0000 INFO [o.n.k.i.DiagnosticsManager] Interface Killer Wireless-n/a/ac 1535 Wireless Network Adapter-WFP Native MAC Layer LightWeight Filter-0000:
2019-05-25 04:44:47.511+0000 INFO [o.n.k.i.DiagnosticsManager] Interface Killer Wireless-n/a/ac 1535 Wireless Network Adapter-Virtual WiFi Filter Driver-0000:
2019-05-25 04:44:47.511+0000 INFO [o.n.k.i.DiagnosticsManager] Interface Killer Wireless-n/a/ac 1535 Wireless Network Adapter-Native WiFi Filter Driver-0000:
2019-05-25 04:44:47.511+0000 INFO [o.n.k.i.DiagnosticsManager] Interface Killer Wireless-n/a/ac 1535 Wireless Network Adapter-VirtualBox NDIS Light-Weight Filter-0000:
2019-05-25 04:44:47.511+0000 INFO [o.n.k.i.DiagnosticsManager] Interface Killer Wireless-n/a/ac 1535 Wireless Network Adapter-QoS Packet Scheduler-0000:
2019-05-25 04:44:47.511+0000 INFO [o.n.k.i.DiagnosticsManager] Interface Killer Wireless-n/a/ac 1535 Wireless Network Adapter-WFP 802.3 MAC Layer LightWeight Filter-0000:
2019-05-25 04:44:47.511+0000 INFO [o.n.k.i.DiagnosticsManager] Interface Microsoft Wi-Fi Direct Virtual Adapter-WFP Native MAC Layer LightWeight Filter-0000:
2019-05-25 04:44:47.511+0000 INFO [o.n.k.i.DiagnosticsManager] Interface Microsoft Wi-Fi Direct Virtual Adapter-Native WiFi Filter Driver-0000:
2019-05-25 04:44:47.511+0000 INFO [o.n.k.i.DiagnosticsManager] Interface WAN Miniport (IP)-WFP Native MAC Layer LightWeight Filter-0000:
2019-05-25 04:44:47.511+0000 INFO [o.n.k.i.DiagnosticsManager] Interface WAN Miniport (IP)-QoS Packet Scheduler-0000:
2019-05-25 04:44:47.511+0000 INFO [o.n.k.i.DiagnosticsManager] Interface WAN Miniport (IPv6)-WFP Native MAC Layer LightWeight Filter-0000:
2019-05-25 04:44:47.511+0000 INFO [o.n.k.i.DiagnosticsManager] Interface WAN Miniport (IPv6)-QoS Packet Scheduler-0000:
2019-05-25 04:44:47.511+0000 INFO [o.n.k.i.DiagnosticsManager] Interface WAN Miniport (Network Monitor)-WFP Native MAC Layer LightWeight Filter-0000:
2019-05-25 04:44:47.511+0000 INFO [o.n.k.i.DiagnosticsManager] Interface WAN Miniport (Network Monitor)-QoS Packet Scheduler-0000:
2019-05-25 04:44:47.511+0000 INFO [o.n.k.i.DiagnosticsManager] Interface Microsoft Wi-Fi Direct Virtual Adapter-VirtualBox NDIS Light-Weight Filter-0000:
2019-05-25 04:44:47.511+0000 INFO [o.n.k.i.DiagnosticsManager] Interface Microsoft Wi-Fi Direct Virtual Adapter-QoS Packet Scheduler-0000:
2019-05-25 04:44:47.511+0000 INFO [o.n.k.i.DiagnosticsManager] Interface Microsoft Wi-Fi Direct Virtual Adapter-WFP 802.3 MAC Layer LightWeight Filter-0000:
2019-05-25 04:44:47.511+0000 INFO [o.n.k.i.DiagnosticsManager] Interface Microsoft Wi-Fi Direct Virtual Adapter #2-WFP Native MAC Layer LightWeight Filter-0000:
2019-05-25 04:44:47.511+0000 INFO [o.n.k.i.DiagnosticsManager] Interface Microsoft Wi-Fi Direct Virtual Adapter #2-Native WiFi Filter Driver-0000:
2019-05-25 04:44:47.511+0000 INFO [o.n.k.i.DiagnosticsManager] Interface Microsoft Wi-Fi Direct Virtual Adapter #2-VirtualBox NDIS Light-Weight Filter-0000:
2019-05-25 04:44:47.511+0000 INFO [o.n.k.i.DiagnosticsManager] Interface Microsoft Wi-Fi Direct Virtual Adapter #2-QoS Packet Scheduler-0000:
2019-05-25 04:44:47.511+0000 INFO [o.n.k.i.DiagnosticsManager] Interface Microsoft Wi-Fi Direct Virtual Adapter #2-WFP 802.3 MAC Layer LightWeight Filter-0000:
2019-05-25 04:44:47.511+0000 INFO [o.n.k.i.DiagnosticsManager] --- INITIALIZED diagnostics END ---
2019-05-25 04:44:47.578+0000 INFO [o.n.k.i.s.f.RecordFormatSelector] Selected format 'RecordFormat:StandardV3_2[v0.A.8]' for the new store
2019-05-25 04:44:48.159+0000 INFO [o.n.k.i.a.i.IndexingService] IndexingService.init: indexes not specifically mentioned above are null
2019-05-25 04:44:48.162+0000 INFO [o.n.k.i.i.l.NativeLabelScanStore] No scan store found, this might just be first use. Preparing to rebuild.
2019-05-25 04:44:48.197+0000 INFO [o.n.k.NeoStoreDataSource] Opened logical log [C:\Users\Hasan Qasim\Documents\software testing\FIT5171_Assignment_3\target\rockets\neostore.transaction.db.0] version=0, lastTxId=1 (clean)
2019-05-25 04:44:48.199+0000 INFO [o.n.k.NeoStoreDataSource] No commits found after last check point (which is at <no log position given>)
2019-05-25 04:44:48.206+0000 WARN [o.n.k.i.s.MetaDataStore] Missing counts store, rebuilding it.
2019-05-25 04:44:48.319+0000 WARN [o.n.k.i.s.MetaDataStore] Counts store rebuild completed.
2019-05-25 04:44:48.339+0000 INFO [o.n.k.i.a.i.IndexingService] IndexingService.start: indexes not specifically mentioned above are null
2019-05-25 04:44:48.340+0000 INFO [o.n.k.i.i.l.NativeLabelScanStore] Rebuilding scan store, this may take a while
2019-05-25 04:44:48.353+0000 INFO [o.n.k.i.i.l.NativeLabelScanStore] Scan store rebuilt (roughly 0 nodes)
2019-05-25 04:44:48.358+0000 INFO [o.n.k.i.DatabaseHealth] Database health set to OK
2019-05-25 04:44:48.715+0000 INFO [o.n.k.AvailabilityGuard] Fulfilling of requirement makes database available: Database available
2019-05-25 04:44:48.716+0000 INFO [o.n.k.i.f.GraphDatabaseFacadeFactory] Database is now ready
2019-05-25 04:44:48.716+0000 INFO [o.n.k.i.DiagnosticsManager] --- STARTED diagnostics for KernelDiagnostics:Versions START ---
2019-05-25 04:44:48.718+0000 INFO [o.n.k.i.DiagnosticsManager] Graph Database: community single StoreId{creationTime=1558759487937, randomId=2425260288410322393, storeVersion=15813456178476550, upgradeTime=1558759487937, upgradeId=1}
2019-05-25 04:44:48.719+0000 INFO [o.n.k.i.DiagnosticsManager] Kernel version: 3.3.4,a97930c567060dad961d7c06c8f225dcb15582f3
2019-05-25 04:44:48.720+0000 INFO [o.n.k.i.DiagnosticsManager] --- STARTED diagnostics for KernelDiagnostics:Versions END ---
2019-05-25 04:44:48.722+0000 INFO [o.n.k.i.DiagnosticsManager] --- STARTED diagnostics for NEO_STORE_VERSIONS START ---
2019-05-25 04:44:48.722+0000 INFO [o.n.k.i.DiagnosticsManager] Store versions:
2019-05-25 04:44:48.722+0000 INFO [o.n.k.i.DiagnosticsManager] Store versions:
2019-05-25 04:44:48.723+0000 INFO [o.n.k.i.DiagnosticsManager]   ArrayPropertyStore v0.A.8
2019-05-25 04:44:48.723+0000 INFO [o.n.k.i.DiagnosticsManager]   NodeStore v0.A.8
2019-05-25 04:44:48.723+0000 INFO [o.n.k.i.DiagnosticsManager]   StringPropertyStore v0.A.8
2019-05-25 04:44:48.724+0000 INFO [o.n.k.i.DiagnosticsManager]   PropertyIndexStore v0.A.8
2019-05-25 04:44:48.724+0000 INFO [o.n.k.i.DiagnosticsManager]   StringPropertyStore v0.A.8
2019-05-25 04:44:48.724+0000 INFO [o.n.k.i.DiagnosticsManager]   ArrayPropertyStore v0.A.8
2019-05-25 04:44:48.725+0000 INFO [o.n.k.i.DiagnosticsManager]   PropertyStore v0.A.8
2019-05-25 04:44:48.726+0000 INFO [o.n.k.i.DiagnosticsManager]   RelationshipStore v0.A.8
2019-05-25 04:44:48.726+0000 INFO [o.n.k.i.DiagnosticsManager]   StringPropertyStore v0.A.8
2019-05-25 04:44:48.727+0000 INFO [o.n.k.i.DiagnosticsManager]   RelationshipTypeStore v0.A.8
2019-05-25 04:44:48.727+0000 INFO [o.n.k.i.DiagnosticsManager]   StringPropertyStore v0.A.8
2019-05-25 04:44:48.727+0000 INFO [o.n.k.i.DiagnosticsManager]   LabelTokenStore v0.A.8
2019-05-25 04:44:48.728+0000 INFO [o.n.k.i.DiagnosticsManager]   SchemaStore v0.A.8
2019-05-25 04:44:48.728+0000 INFO [o.n.k.i.DiagnosticsManager]   RelationshipGroupStore v0.A.8
2019-05-25 04:44:48.728+0000 INFO [o.n.k.i.DiagnosticsManager]   NeoStore v0.A.8
2019-05-25 04:44:48.729+0000 INFO [o.n.k.i.DiagnosticsManager] --- STARTED diagnostics for NEO_STORE_VERSIONS END ---
2019-05-25 04:44:48.729+0000 INFO [o.n.k.i.DiagnosticsManager] --- STARTED diagnostics for NEO_STORE_ID_USAGE START ---
2019-05-25 04:44:48.729+0000 INFO [o.n.k.i.DiagnosticsManager] Id usage:
2019-05-25 04:44:48.729+0000 INFO [o.n.k.i.DiagnosticsManager] Id usage:
2019-05-25 04:44:48.731+0000 INFO [o.n.k.i.DiagnosticsManager]   ArrayPropertyStore: used=1 high=0
2019-05-25 04:44:48.731+0000 INFO [o.n.k.i.DiagnosticsManager]   NodeStore: used=0 high=-1
2019-05-25 04:44:48.732+0000 INFO [o.n.k.i.DiagnosticsManager]   StringPropertyStore: used=1 high=0
2019-05-25 04:44:48.732+0000 INFO [o.n.k.i.DiagnosticsManager]   PropertyIndexStore: used=0 high=-1
2019-05-25 04:44:48.733+0000 INFO [o.n.k.i.DiagnosticsManager]   StringPropertyStore: used=1 high=0
2019-05-25 04:44:48.733+0000 INFO [o.n.k.i.DiagnosticsManager]   ArrayPropertyStore: used=1 high=0
2019-05-25 04:44:48.734+0000 INFO [o.n.k.i.DiagnosticsManager]   PropertyStore: used=0 high=-1
2019-05-25 04:44:48.734+0000 INFO [o.n.k.i.DiagnosticsManager]   RelationshipStore: used=0 high=-1
2019-05-25 04:44:48.734+0000 INFO [o.n.k.i.DiagnosticsManager]   StringPropertyStore: used=1 high=0
2019-05-25 04:44:48.735+0000 INFO [o.n.k.i.DiagnosticsManager]   RelationshipTypeStore: used=0 high=-1
2019-05-25 04:44:48.735+0000 INFO [o.n.k.i.DiagnosticsManager]   StringPropertyStore: used=1 high=0
2019-05-25 04:44:48.737+0000 INFO [o.n.k.i.DiagnosticsManager]   LabelTokenStore: used=0 high=-1
2019-05-25 04:44:48.737+0000 INFO [o.n.k.i.DiagnosticsManager]   SchemaStore: used=1 high=0
2019-05-25 04:44:48.738+0000 INFO [o.n.k.i.DiagnosticsManager]   RelationshipGroupStore: used=1 high=0
2019-05-25 04:44:48.738+0000 INFO [o.n.k.i.DiagnosticsManager]   NeoStore: used=15 high=14
2019-05-25 04:44:48.738+0000 INFO [o.n.k.i.DiagnosticsManager] --- STARTED diagnostics for NEO_STORE_ID_USAGE END ---
2019-05-25 04:44:48.739+0000 INFO [o.n.k.i.DiagnosticsManager] --- STARTED diagnostics for NEO_STORE_RECORDS START ---
2019-05-25 04:44:48.739+0000 INFO [o.n.k.i.DiagnosticsManager] Neostore records:
2019-05-25 04:44:48.741+0000 INFO [o.n.k.i.DiagnosticsManager] TIME (Creation time): 1558759487937
2019-05-25 04:44:48.742+0000 INFO [o.n.k.i.DiagnosticsManager] RANDOM_NUMBER (Random number for store id): 2425260288410322393
2019-05-25 04:44:48.742+0000 INFO [o.n.k.i.DiagnosticsManager] LOG_VERSION (Current log version): 0
2019-05-25 04:44:48.744+0000 INFO [o.n.k.i.DiagnosticsManager] LAST_TRANSACTION_ID (Last committed transaction): 1
2019-05-25 04:44:48.744+0000 INFO [o.n.k.i.DiagnosticsManager] STORE_VERSION (Store format version): 15813456178476550
2019-05-25 04:44:48.745+0000 INFO [o.n.k.i.DiagnosticsManager] FIRST_GRAPH_PROPERTY (First property record containing graph properties): -1
2019-05-25 04:44:48.745+0000 INFO [o.n.k.i.DiagnosticsManager] LAST_CONSTRAINT_TRANSACTION (Last committed transaction containing constraint changes): 0
2019-05-25 04:44:48.746+0000 INFO [o.n.k.i.DiagnosticsManager] UPGRADE_TRANSACTION_ID (Transaction id most recent upgrade was performed at): 1
2019-05-25 04:44:48.746+0000 INFO [o.n.k.i.DiagnosticsManager] UPGRADE_TIME (Time of last upgrade): 1558759487937
2019-05-25 04:44:48.747+0000 INFO [o.n.k.i.DiagnosticsManager] LAST_TRANSACTION_CHECKSUM (Checksum of last committed transaction): 0
2019-05-25 04:44:48.747+0000 INFO [o.n.k.i.DiagnosticsManager] UPGRADE_TRANSACTION_CHECKSUM (Checksum of transaction id the most recent upgrade was performed at): 0
2019-05-25 04:44:48.748+0000 INFO [o.n.k.i.DiagnosticsManager] LAST_CLOSED_TRANSACTION_LOG_VERSION (Log version where the last transaction commit entry has been written into): 0
2019-05-25 04:44:48.748+0000 INFO [o.n.k.i.DiagnosticsManager] LAST_CLOSED_TRANSACTION_LOG_BYTE_OFFSET (Byte offset in the log file where the last transaction commit entry has been written into): 16
2019-05-25 04:44:48.748+0000 INFO [o.n.k.i.DiagnosticsManager] LAST_TRANSACTION_COMMIT_TIMESTAMP (Commit time timestamp for last committed transaction): 0
2019-05-25 04:44:48.750+0000 INFO [o.n.k.i.DiagnosticsManager] UPGRADE_TRANSACTION_COMMIT_TIMESTAMP (Commit timestamp of transaction the most recent upgrade was performed at): 0
2019-05-25 04:44:48.750+0000 INFO [o.n.k.i.DiagnosticsManager] --- STARTED diagnostics for NEO_STORE_RECORDS END ---
2019-05-25 04:44:48.751+0000 INFO [o.n.k.i.DiagnosticsManager] --- STARTED diagnostics for TRANSACTION_RANGE START ---
2019-05-25 04:44:48.752+0000 INFO [o.n.k.i.DiagnosticsManager] Transaction log:
2019-05-25 04:44:48.753+0000 INFO [o.n.k.i.DiagnosticsManager] No transactions found in any log
2019-05-25 04:44:48.753+0000 INFO [o.n.k.i.DiagnosticsManager] --- STARTED diagnostics for TRANSACTION_RANGE END ---
2019-05-25 04:44:48.754+0000 INFO [o.n.k.i.DiagnosticsManager] --- STARTED diagnostics for KernelDiagnostics:StoreFiles START ---
2019-05-25 04:44:48.757+0000 INFO [o.n.k.i.DiagnosticsManager] Disk space on partition (Total / Free / Free %): 511080919040 / 340128649216 / 66
2019-05-25 04:44:48.757+0000 INFO [o.n.k.i.DiagnosticsManager] Storage files: (filename : modification date - size)
2019-05-25 04:44:48.759+0000 INFO [o.n.k.i.DiagnosticsManager]   index:
2019-05-25 04:44:48.760+0000 INFO [o.n.k.i.DiagnosticsManager]   - Total: 2019-05-25T14:44:48+1000 - 0.00 B
2019-05-25 04:44:48.761+0000 INFO [o.n.k.i.DiagnosticsManager]   logs:
2019-05-25 04:44:48.762+0000 INFO [o.n.k.i.DiagnosticsManager]     debug.log: 2019-05-25T14:44:46+1000 - 72.35 kB
2019-05-25 04:44:48.762+0000 INFO [o.n.k.i.DiagnosticsManager]   - Total: 2019-05-25T14:44:46+1000 - 72.35 kB
2019-05-25 04:44:48.764+0000 INFO [o.n.k.i.DiagnosticsManager]   neostore: 2019-05-25T14:44:48+1000 - 8.00 kB
2019-05-25 04:44:48.764+0000 INFO [o.n.k.i.DiagnosticsManager]   neostore.counts.db.a: 2019-05-25T14:44:48+1000 - 96.00 B
2019-05-25 04:44:48.770+0000 INFO [o.n.k.i.DiagnosticsManager]   neostore.id: 2019-05-25T14:44:48+1000 - 9.00 B
2019-05-25 04:44:48.773+0000 INFO [o.n.k.i.DiagnosticsManager]   neostore.labelscanstore.db: 2019-05-25T14:44:48+1000 - 40.00 kB
2019-05-25 04:44:48.773+0000 INFO [o.n.k.i.DiagnosticsManager]   neostore.labeltokenstore.db: 2019-05-25T14:44:47+1000 - 0.00 B
2019-05-25 04:44:48.774+0000 INFO [o.n.k.i.DiagnosticsManager]   neostore.labeltokenstore.db.id: 2019-05-25T14:44:47+1000 - 9.00 B
2019-05-25 04:44:48.775+0000 INFO [o.n.k.i.DiagnosticsManager]   neostore.labeltokenstore.db.names: 2019-05-25T14:44:47+1000 - 8.00 kB
2019-05-25 04:44:48.776+0000 INFO [o.n.k.i.DiagnosticsManager]   neostore.labeltokenstore.db.names.id: 2019-05-25T14:44:47+1000 - 9.00 B
2019-05-25 04:44:48.776+0000 INFO [o.n.k.i.DiagnosticsManager]   neostore.nodestore.db: 2019-05-25T14:44:47+1000 - 0.00 B
2019-05-25 04:44:48.778+0000 INFO [o.n.k.i.DiagnosticsManager]   neostore.nodestore.db.id: 2019-05-25T14:44:47+1000 - 9.00 B
2019-05-25 04:44:48.778+0000 INFO [o.n.k.i.DiagnosticsManager]   neostore.nodestore.db.labels: 2019-05-25T14:44:47+1000 - 8.00 kB
2019-05-25 04:44:48.780+0000 INFO [o.n.k.i.DiagnosticsManager]   neostore.nodestore.db.labels.id: 2019-05-25T14:44:47+1000 - 9.00 B
2019-05-25 04:44:48.781+0000 INFO [o.n.k.i.DiagnosticsManager]   neostore.propertystore.db: 2019-05-25T14:44:47+1000 - 0.00 B
2019-05-25 04:44:48.781+0000 INFO [o.n.k.i.DiagnosticsManager]   neostore.propertystore.db.arrays: 2019-05-25T14:44:47+1000 - 8.00 kB
2019-05-25 04:44:48.783+0000 INFO [o.n.k.i.DiagnosticsManager]   neostore.propertystore.db.arrays.id: 2019-05-25T14:44:47+1000 - 9.00 B
2019-05-25 04:44:48.784+0000 INFO [o.n.k.i.DiagnosticsManager]   neostore.propertystore.db.id: 2019-05-25T14:44:47+1000 - 9.00 B
2019-05-25 04:44:48.785+0000 INFO [o.n.k.i.DiagnosticsManager]   neostore.propertystore.db.index: 2019-05-25T14:44:47+1000 - 0.00 B
2019-05-25 04:44:48.786+0000 INFO [o.n.k.i.DiagnosticsManager]   neostore.propertystore.db.index.id: 2019-05-25T14:44:47+1000 - 9.00 B
2019-05-25 04:44:48.787+0000 INFO [o.n.k.i.DiagnosticsManager]   neostore.propertystore.db.index.keys: 2019-05-25T14:44:47+1000 - 8.00 kB
2019-05-25 04:44:48.789+0000 INFO [o.n.k.i.DiagnosticsManager]   neostore.propertystore.db.index.keys.id: 2019-05-25T14:44:47+1000 - 9.00 B
2019-05-25 04:44:48.789+0000 INFO [o.n.k.i.DiagnosticsManager]   neostore.propertystore.db.strings: 2019-05-25T14:44:47+1000 - 8.00 kB
2019-05-25 04:44:48.791+0000 INFO [o.n.k.i.DiagnosticsManager]   neostore.propertystore.db.strings.id: 2019-05-25T14:44:47+1000 - 9.00 B
2019-05-25 04:44:48.792+0000 INFO [o.n.k.i.DiagnosticsManager]   neostore.relationshipgroupstore.db: 2019-05-25T14:44:47+1000 - 8.00 kB
2019-05-25 04:44:48.793+0000 INFO [o.n.k.i.DiagnosticsManager]   neostore.relationshipgroupstore.db.id: 2019-05-25T14:44:47+1000 - 9.00 B
2019-05-25 04:44:48.793+0000 INFO [o.n.k.i.DiagnosticsManager]   neostore.relationshipstore.db: 2019-05-25T14:44:47+1000 - 0.00 B
2019-05-25 04:44:48.795+0000 INFO [o.n.k.i.DiagnosticsManager]   neostore.relationshipstore.db.id: 2019-05-25T14:44:47+1000 - 9.00 B
2019-05-25 04:44:48.796+0000 INFO [o.n.k.i.DiagnosticsManager]   neostore.relationshiptypestore.db: 2019-05-25T14:44:47+1000 - 0.00 B
2019-05-25 04:44:48.800+0000 INFO [o.n.k.i.DiagnosticsManager]   neostore.relationshiptypestore.db.id: 2019-05-25T14:44:47+1000 - 9.00 B
2019-05-25 04:44:48.801+0000 INFO [o.n.k.i.DiagnosticsManager]   neostore.relationshiptypestore.db.names: 2019-05-25T14:44:47+1000 - 8.00 kB
2019-05-25 04:44:48.803+0000 INFO [o.n.k.i.DiagnosticsManager]   neostore.relationshiptypestore.db.names.id: 2019-05-25T14:44:47+1000 - 9.00 B
2019-05-25 04:44:48.804+0000 INFO [o.n.k.i.DiagnosticsManager]   neostore.schemastore.db: 2019-05-25T14:44:47+1000 - 8.00 kB
2019-05-25 04:44:48.805+0000 INFO [o.n.k.i.DiagnosticsManager]   neostore.schemastore.db.id: 2019-05-25T14:44:47+1000 - 9.00 B
2019-05-25 04:44:48.806+0000 INFO [o.n.k.i.DiagnosticsManager]   neostore.transaction.db.0: 2019-05-25T14:44:48+1000 - 16.00 B
2019-05-25 04:44:48.806+0000 INFO [o.n.k.i.DiagnosticsManager]   store_lock: 2019-05-25T14:44:47+1000 - 0.00 B
2019-05-25 04:44:48.808+0000 INFO [o.n.k.i.DiagnosticsManager] Storage summary: 
2019-05-25 04:44:48.808+0000 INFO [o.n.k.i.DiagnosticsManager]   Total size of store: 184.59 kB
2019-05-25 04:44:48.809+0000 INFO [o.n.k.i.DiagnosticsManager]   Total size of mapped files: 112.00 kB
